Loading required namespace: miniUI
Loading required package: shiny

Listening on http://127.0.0.1:6080
trying URL 'http://search.electoralcommission.org.uk/api/csv/Donations?start={start}&rows={pageSize}&query=&sort=AcceptedDate&order=desc&et=pp&et=ppm&et=tp&et=perpar&et=rd&date=Reported&from=&to=&rptPd=&prePoll=true&postPoll=true&register=gb&register=ni&register=none&period=3765&period=3767&period=3718&period=3720&period=3714&period=3716&period=3710&period=3712&period=3706&period=3708&period=3702&period=3704&period=3698&period=3700&period=3676&period=3695&period=3604&period=3602&period=3600&period=3598&period=3594&period=3596&period=3578&period=3580&period=3574&period=3576&period=3570&period=3572&period=3559&period=3524&period=3567&period=3522&period=3520&period=3518&period=2513&period=2507&period=2509&period=2511&period=1485&period=1487&period=1480&period=1481&period=1477&period=1478&period=1476&period=1474&period=1471&period=1473&period=1466&period=463&period=1465&period=460&period=447&period=444&period=442&period=438&period=434&period=409&period=427&period=403&period=288&period=302&period=304&period=300&period=280&period=218&period=206&period=208&period=137&period=138&period=128&period=73&period=69&period=61&period=63&period=50&period=40&period=39&period=5&isIrishSourceYes=true&isIrishSourceNo=true&includeOutsideSection75=true'
Content type 'text/csv' length 17699141 bytes (16.9 MB)
==================================================
downloaded 16.9 MB


Attaching package: ‘git2r’

The following object is masked from ‘package:shiny’:

    tag

[66d49c7] 2021-06-16: Updated on : 2021-06-16 11:27:54
Already up-to-date
Loading required namespace: miniUI
Loading required package: shiny

Listening on http://127.0.0.1:3820
Loading required namespace: miniUI
Loading required package: shiny

Listening on http://127.0.0.1:5336
-- Attaching packages --------------------------------------- tidyverse 1.3.1 --
v ggplot2 3.3.4     v purrr   0.3.4
v tibble  3.1.2     v dplyr   1.0.7
v tidyr   1.1.3     v stringr 1.4.0
v readr   1.4.0     v forcats 0.5.1
-- Conflicts ------------------------------------------ tidyverse_conflicts() --
x dplyr::filter() masks stats::filter()
x dplyr::lag()    masks stats::lag()
trying URL 'http://search.electoralcommission.org.uk/api/csv/Donations?start={start}&rows={pageSize}&query=&sort=AcceptedDate&order=desc&et=pp&et=ppm&et=tp&et=perpar&et=rd&date=Reported&from=&to=&rptPd=&prePoll=true&postPoll=true&register=gb&register=ni&register=none&period=3765&period=3767&period=3718&period=3720&period=3714&period=3716&period=3710&period=3712&period=3706&period=3708&period=3702&period=3704&period=3698&period=3700&period=3676&period=3695&period=3604&period=3602&period=3600&period=3598&period=3594&period=3596&period=3578&period=3580&period=3574&period=3576&period=3570&period=3572&period=3559&period=3524&period=3567&period=3522&period=3520&period=3518&period=2513&period=2507&period=2509&period=2511&period=1485&period=1487&period=1480&period=1481&period=1477&period=1478&period=1476&period=1474&period=1471&period=1473&period=1466&period=463&period=1465&period=460&period=447&period=444&period=442&period=438&period=434&period=409&period=427&period=403&period=288&period=302&period=304&period=300&period=280&period=218&period=206&period=208&period=137&period=138&period=128&period=73&period=69&period=61&period=63&period=50&period=40&period=39&period=5&isIrishSourceYes=true&isIrishSourceNo=true&includeOutsideSection75=true'
Content type 'text/csv' length 17699144 bytes (16.9 MB)
==================================================
downloaded 16.9 MB

Error in file(file, "rt") : cannot open the connection
Calls: read.csv -> read.table -> file
In addition: Warning message:
In file(file, "rt") :
  cannot open file 'data/donations_data.csv': No such file or directory
Execution halted
-- Attaching packages --------------------------------------- tidyverse 1.3.1 --
v ggplot2 3.3.4     v purrr   0.3.4
v tibble  3.1.2     v dplyr   1.0.7
v tidyr   1.1.3     v stringr 1.4.0
v readr   1.4.0     v forcats 0.5.1
-- Conflicts ------------------------------------------ tidyverse_conflicts() --
x dplyr::filter() masks stats::filter()
x dplyr::lag()    masks stats::lag()
trying URL 'http://search.electoralcommission.org.uk/api/csv/Donations?start={start}&rows={pageSize}&query=&sort=AcceptedDate&order=desc&et=pp&et=ppm&et=tp&et=perpar&et=rd&date=Reported&from=&to=&rptPd=&prePoll=true&postPoll=true&register=gb&register=ni&register=none&period=3765&period=3767&period=3718&period=3720&period=3714&period=3716&period=3710&period=3712&period=3706&period=3708&period=3702&period=3704&period=3698&period=3700&period=3676&period=3695&period=3604&period=3602&period=3600&period=3598&period=3594&period=3596&period=3578&period=3580&period=3574&period=3576&period=3570&period=3572&period=3559&period=3524&period=3567&period=3522&period=3520&period=3518&period=2513&period=2507&period=2509&period=2511&period=1485&period=1487&period=1480&period=1481&period=1477&period=1478&period=1476&period=1474&period=1471&period=1473&period=1466&period=463&period=1465&period=460&period=447&period=444&period=442&period=438&period=434&period=409&period=427&period=403&period=288&period=302&period=304&period=300&period=280&period=218&period=206&period=208&period=137&period=138&period=128&period=73&period=69&period=61&period=63&period=50&period=40&period=39&period=5&isIrishSourceYes=true&isIrishSourceNo=true&includeOutsideSection75=true'
Content type 'text/csv' length 17699144 bytes (16.9 MB)
==================================================
downloaded 16.9 MB

Error in file(file, "rt") : cannot open the connection
Calls: read.csv -> read.table -> file
In addition: Warning message:
In file(file, "rt") :
  cannot open file 'data/donations_data.csv': No such file or directory
Execution halted
-- Attaching packages --------------------------------------- tidyverse 1.3.1 --
v ggplot2 3.3.4     v purrr   0.3.4
v tibble  3.1.2     v dplyr   1.0.7
v tidyr   1.1.3     v stringr 1.4.0
v readr   1.4.0     v forcats 0.5.1
-- Conflicts ------------------------------------------ tidyverse_conflicts() --
x dplyr::filter() masks stats::filter()
x dplyr::lag()    masks stats::lag()
trying URL 'http://search.electoralcommission.org.uk/api/csv/Donations?start={start}&rows={pageSize}&query=&sort=AcceptedDate&order=desc&et=pp&et=ppm&et=tp&et=perpar&et=rd&date=Reported&from=&to=&rptPd=&prePoll=true&postPoll=true&register=gb&register=ni&register=none&period=3765&period=3767&period=3718&period=3720&period=3714&period=3716&period=3710&period=3712&period=3706&period=3708&period=3702&period=3704&period=3698&period=3700&period=3676&period=3695&period=3604&period=3602&period=3600&period=3598&period=3594&period=3596&period=3578&period=3580&period=3574&period=3576&period=3570&period=3572&period=3559&period=3524&period=3567&period=3522&period=3520&period=3518&period=2513&period=2507&period=2509&period=2511&period=1485&period=1487&period=1480&period=1481&period=1477&period=1478&period=1476&period=1474&period=1471&period=1473&period=1466&period=463&period=1465&period=460&period=447&period=444&period=442&period=438&period=434&period=409&period=427&period=403&period=288&period=302&period=304&period=300&period=280&period=218&period=206&period=208&period=137&period=138&period=128&period=73&period=69&period=61&period=63&period=50&period=40&period=39&period=5&isIrishSourceYes=true&isIrishSourceNo=true&includeOutsideSection75=true'
Content type 'text/csv' length 17699144 bytes (16.9 MB)
==================================================
downloaded 16.9 MB

Error in file(file, "rt") : cannot open the connection
Calls: read.csv -> read.table -> file
In addition: Warning message:
In file(file, "rt") :
  cannot open file 'data/donations_data.csv': No such file or directory
Execution halted
-- Attaching packages --------------------------------------- tidyverse 1.3.1 --
v ggplot2 3.3.4     v purrr   0.3.4
v tibble  3.1.2     v dplyr   1.0.7
v tidyr   1.1.3     v stringr 1.4.0
v readr   1.4.0     v forcats 0.5.1
-- Conflicts ------------------------------------------ tidyverse_conflicts() --
x dplyr::filter() masks stats::filter()
x dplyr::lag()    masks stats::lag()
Error in read_fst(path, columns, from, to, as.data.table, old_format) : 
  Error opening fst file for reading, please check access rights and file availability
Calls: <Anonymous> -> read_fst
Execution halted
── Attaching packages ─────────────────────────────────────── tidyverse 1.3.1 ──
✓ ggplot2 3.3.4     ✓ purrr   0.3.4
✓ tibble  3.1.2     ✓ dplyr   1.0.7
✓ tidyr   1.1.3     ✓ stringr 1.4.0
✓ readr   1.4.0     ✓ forcats 0.5.1
── Conflicts ────────────────────────────────────────── tidyverse_conflicts() ──
x dplyr::filter() masks stats::filter()
x dplyr::lag()    masks stats::lag()
trying URL 'http://search.electoralcommission.org.uk/api/csv/Donations?start={start}&rows={pageSize}&query=&sort=AcceptedDate&order=desc&et=pp&et=ppm&et=tp&et=perpar&et=rd&date=Reported&from=2021-05-26&to=&rptPd=&prePoll=false&postPoll=true&register=gb&register=ni&register=none&isIrishSourceYes=true&isIrishSourceNo=true&includeOutsideSection75=true'
Content type 'text/csv' length 1330 bytes
==================================================
downloaded 1330 bytes

[1] "No new results. Most recent record on: 2021-05-26. Last checked: 2021-06-22 17:35:35"
-- Attaching packages --------------------------------------- tidyverse 1.3.1 --
v ggplot2 3.3.4     v purrr   0.3.4
v tibble  3.1.2     v dplyr   1.0.7
v tidyr   1.1.3     v stringr 1.4.0
v readr   1.4.0     v forcats 0.5.1
-- Conflicts ------------------------------------------ tidyverse_conflicts() --
x dplyr::filter() masks stats::filter()
x dplyr::lag()    masks stats::lag()
Error in read_fst(path, columns, from, to, as.data.table, old_format) : 
  Error opening fst file for reading, please check access rights and file availability
Calls: <Anonymous> -> read_fst
Execution halted
-- Attaching packages --------------------------------------- tidyverse 1.3.1 --
v ggplot2 3.3.4     v purrr   0.3.4
v tibble  3.1.2     v dplyr   1.0.7
v tidyr   1.1.3     v stringr 1.4.0
v readr   1.4.0     v forcats 0.5.1
-- Conflicts ------------------------------------------ tidyverse_conflicts() --
x dplyr::filter() masks stats::filter()
x dplyr::lag()    masks stats::lag()
Error in read_fst(path, columns, from, to, as.data.table, old_format) : 
  Error opening fst file for reading, please check access rights and file availability
Calls: <Anonymous> -> read_fst
Execution halted
-- Attaching packages --------------------------------------- tidyverse 1.3.1 --
v ggplot2 3.3.4     v purrr   0.3.4
v tibble  3.1.2     v dplyr   1.0.7
v tidyr   1.1.3     v stringr 1.4.0
v readr   1.4.0     v forcats 0.5.1
-- Conflicts ------------------------------------------ tidyverse_conflicts() --
x dplyr::filter() masks stats::filter()
x dplyr::lag()    masks stats::lag()
Error in read_fst(path, columns, from, to, as.data.table, old_format) : 
  Error opening fst file for reading, please check access rights and file availability
Calls: <Anonymous> -> read_fst
Execution halted
-- Attaching packages --------------------------------------- tidyverse 1.3.1 --
v ggplot2 3.3.4     v purrr   0.3.4
v tibble  3.1.2     v dplyr   1.0.7
v tidyr   1.1.3     v stringr 1.4.0
v readr   1.4.0     v forcats 0.5.1
-- Conflicts ------------------------------------------ tidyverse_conflicts() --
x dplyr::filter() masks stats::filter()
x dplyr::lag()    masks stats::lag()
Error in read_fst(path, columns, from, to, as.data.table, old_format) : 
  Error opening fst file for reading, please check access rights and file availability
Calls: <Anonymous> -> read_fst
Execution halted
-- Attaching packages --------------------------------------- tidyverse 1.3.1 --
v ggplot2 3.3.4     v purrr   0.3.4
v tibble  3.1.2     v dplyr   1.0.7
v tidyr   1.1.3     v stringr 1.4.0
v readr   1.4.0     v forcats 0.5.1
-- Conflicts ------------------------------------------ tidyverse_conflicts() --
x dplyr::filter() masks stats::filter()
x dplyr::lag()    masks stats::lag()
trying URL 'http://search.electoralcommission.org.uk/api/csv/Donations?start={start}&rows={pageSize}&query=&sort=AcceptedDate&order=desc&et=pp&et=ppm&et=tp&et=perpar&et=rd&date=Reported&from=2021-05-26&to=&rptPd=&prePoll=false&postPoll=true&register=gb&register=ni&register=none&isIrishSourceYes=true&isIrishSourceNo=true&includeOutsideSection75=true'
Content type 'text/csv' length 1330 bytes
==================================================
downloaded 1330 bytes

Error: object '.' not found
Execution halted
-- Attaching packages --------------------------------------- tidyverse 1.3.1 --
v ggplot2 3.3.4     v purrr   0.3.4
v tibble  3.1.2     v dplyr   1.0.7
v tidyr   1.1.3     v stringr 1.4.0
v readr   1.4.0     v forcats 0.5.1
-- Conflicts ------------------------------------------ tidyverse_conflicts() --
x dplyr::filter() masks stats::filter()
x dplyr::lag()    masks stats::lag()
trying URL 'http://search.electoralcommission.org.uk/api/csv/Donations?start={start}&rows={pageSize}&query=&sort=AcceptedDate&order=desc&et=pp&et=ppm&et=tp&et=perpar&et=rd&date=Reported&from=2021-05-26&to=&rptPd=&prePoll=false&postPoll=true&register=gb&register=ni&register=none&isIrishSourceYes=true&isIrishSourceNo=true&includeOutsideSection75=true'
Content type 'text/csv' length 1330 bytes
==================================================
downloaded 1330 bytes

Error: object '.' not found
Execution halted
-- Attaching packages --------------------------------------- tidyverse 1.3.1 --
v ggplot2 3.3.4     v purrr   0.3.4
v tibble  3.1.2     v dplyr   1.0.7
v tidyr   1.1.3     v stringr 1.4.0
v readr   1.4.0     v forcats 0.5.1
-- Conflicts ------------------------------------------ tidyverse_conflicts() --
x dplyr::filter() masks stats::filter()
x dplyr::lag()    masks stats::lag()
trying URL 'http://search.electoralcommission.org.uk/api/csv/Donations?start={start}&rows={pageSize}&query=&sort=AcceptedDate&order=desc&et=pp&et=ppm&et=tp&et=perpar&et=rd&date=Reported&from=2021-05-26&to=&rptPd=&prePoll=false&postPoll=true&register=gb&register=ni&register=none&isIrishSourceYes=true&isIrishSourceNo=true&includeOutsideSection75=true'
Content type 'text/csv' length 1330 bytes
==================================================
downloaded 1330 bytes

Error: object '.' not found
Execution halted
-- Attaching packages --------------------------------------- tidyverse 1.3.1 --
v ggplot2 3.3.4     v purrr   0.3.4
v tibble  3.1.2     v dplyr   1.0.7
v tidyr   1.1.3     v stringr 1.4.0
v readr   1.4.0     v forcats 0.5.1
-- Conflicts ------------------------------------------ tidyverse_conflicts() --
x dplyr::filter() masks stats::filter()
x dplyr::lag()    masks stats::lag()
trying URL 'http://search.electoralcommission.org.uk/api/csv/Donations?start={start}&rows={pageSize}&query=&sort=AcceptedDate&order=desc&et=pp&et=ppm&et=tp&et=perpar&et=rd&date=Reported&from=2021-05-26&to=&rptPd=&prePoll=false&postPoll=true&register=gb&register=ni&register=none&isIrishSourceYes=true&isIrishSourceNo=true&includeOutsideSection75=true'
Content type 'text/csv' length 1330 bytes
==================================================
downloaded 1330 bytes

Error: object '.' not found
Execution halted
-- Attaching packages --------------------------------------- tidyverse 1.3.1 --
v ggplot2 3.3.4     v purrr   0.3.4
v tibble  3.1.2     v dplyr   1.0.7
v tidyr   1.1.3     v stringr 1.4.0
v readr   1.4.0     v forcats 0.5.1
-- Conflicts ------------------------------------------ tidyverse_conflicts() --
x dplyr::filter() masks stats::filter()
x dplyr::lag()    masks stats::lag()
trying URL 'http://search.electoralcommission.org.uk/api/csv/Donations?start={start}&rows={pageSize}&query=&sort=AcceptedDate&order=desc&et=pp&et=ppm&et=tp&et=perpar&et=rd&date=Reported&from=2021-05-26&to=&rptPd=&prePoll=false&postPoll=true&register=gb&register=ni&register=none&isIrishSourceYes=true&isIrishSourceNo=true&includeOutsideSection75=true'
Content type 'text/csv' length 1330 bytes
==================================================
downloaded 1330 bytes

Error: object '.' not found
Execution halted
-- Attaching packages --------------------------------------- tidyverse 1.3.1 --
v ggplot2 3.3.4     v purrr   0.3.4
v tibble  3.1.2     v dplyr   1.0.7
v tidyr   1.1.3     v stringr 1.4.0
v readr   1.4.0     v forcats 0.5.1
-- Conflicts ------------------------------------------ tidyverse_conflicts() --
x dplyr::filter() masks stats::filter()
x dplyr::lag()    masks stats::lag()
trying URL 'http://search.electoralcommission.org.uk/api/csv/Donations?start={start}&rows={pageSize}&query=&sort=AcceptedDate&order=desc&et=pp&et=ppm&et=tp&et=perpar&et=rd&date=Reported&from=2021-05-26&to=&rptPd=&prePoll=false&postPoll=true&register=gb&register=ni&register=none&isIrishSourceYes=true&isIrishSourceNo=true&includeOutsideSection75=true'
Content type 'text/csv' length 1330 bytes
==================================================
downloaded 1330 bytes

Error: object '.' not found
Execution halted
-- Attaching packages --------------------------------------- tidyverse 1.3.1 --
v ggplot2 3.3.4     v purrr   0.3.4
v tibble  3.1.2     v dplyr   1.0.7
v tidyr   1.1.3     v stringr 1.4.0
v readr   1.4.0     v forcats 0.5.1
-- Conflicts ------------------------------------------ tidyverse_conflicts() --
x dplyr::filter() masks stats::filter()
x dplyr::lag()    masks stats::lag()
trying URL 'http://search.electoralcommission.org.uk/api/csv/Donations?start={start}&rows={pageSize}&query=&sort=AcceptedDate&order=desc&et=pp&et=ppm&et=tp&et=perpar&et=rd&date=Reported&from=2021-05-26&to=&rptPd=&prePoll=false&postPoll=true&register=gb&register=ni&register=none&isIrishSourceYes=true&isIrishSourceNo=true&includeOutsideSection75=true'
Content type 'text/csv' length 1330 bytes
==================================================
downloaded 1330 bytes

Error: object '.' not found
Execution halted
-- Attaching packages --------------------------------------- tidyverse 1.3.1 --
v ggplot2 3.3.4     v purrr   0.3.4
v tibble  3.1.2     v dplyr   1.0.7
v tidyr   1.1.3     v stringr 1.4.0
v readr   1.4.0     v forcats 0.5.1
-- Conflicts ------------------------------------------ tidyverse_conflicts() --
x dplyr::filter() masks stats::filter()
x dplyr::lag()    masks stats::lag()
trying URL 'http://search.electoralcommission.org.uk/api/csv/Donations?start={start}&rows={pageSize}&query=&sort=AcceptedDate&order=desc&et=pp&et=ppm&et=tp&et=perpar&et=rd&date=Reported&from=2021-05-26&to=&rptPd=&prePoll=false&postPoll=true&register=gb&register=ni&register=none&isIrishSourceYes=true&isIrishSourceNo=true&includeOutsideSection75=true'
Content type 'text/csv' length 1330 bytes
==================================================
downloaded 1330 bytes

Error: object '.' not found
Execution halted
-- Attaching packages --------------------------------------- tidyverse 1.3.1 --
v ggplot2 3.3.4     v purrr   0.3.4
v tibble  3.1.2     v dplyr   1.0.7
v tidyr   1.1.3     v stringr 1.4.0
v readr   1.4.0     v forcats 0.5.1
-- Conflicts ------------------------------------------ tidyverse_conflicts() --
x dplyr::filter() masks stats::filter()
x dplyr::lag()    masks stats::lag()
trying URL 'http://search.electoralcommission.org.uk/api/csv/Donations?start={start}&rows={pageSize}&query=&sort=AcceptedDate&order=desc&et=pp&et=ppm&et=tp&et=perpar&et=rd&date=Reported&from=2021-05-26&to=&rptPd=&prePoll=false&postPoll=true&register=gb&register=ni&register=none&isIrishSourceYes=true&isIrishSourceNo=true&includeOutsideSection75=true'
Content type 'text/csv' length 1330 bytes
==================================================
downloaded 1330 bytes

Error: object '.' not found
Execution halted
-- Attaching packages --------------------------------------- tidyverse 1.3.1 --
v ggplot2 3.3.4     v purrr   0.3.4
v tibble  3.1.2     v dplyr   1.0.7
v tidyr   1.1.3     v stringr 1.4.0
v readr   1.4.0     v forcats 0.5.1
-- Conflicts ------------------------------------------ tidyverse_conflicts() --
x dplyr::filter() masks stats::filter()
x dplyr::lag()    masks stats::lag()
trying URL 'http://search.electoralcommission.org.uk/api/csv/Donations?start={start}&rows={pageSize}&query=&sort=AcceptedDate&order=desc&et=pp&et=ppm&et=tp&et=perpar&et=rd&date=Reported&from=2021-05-26&to=&rptPd=&prePoll=false&postPoll=true&register=gb&register=ni&register=none&isIrishSourceYes=true&isIrishSourceNo=true&includeOutsideSection75=true'
Content type 'text/csv' length 1330 bytes
==================================================
downloaded 1330 bytes

Error: object '.' not found
Execution halted
-- Attaching packages --------------------------------------- tidyverse 1.3.1 --
v ggplot2 3.3.4     v purrr   0.3.4
v tibble  3.1.2     v dplyr   1.0.7
v tidyr   1.1.3     v stringr 1.4.0
v readr   1.4.0     v forcats 0.5.1
-- Conflicts ------------------------------------------ tidyverse_conflicts() --
x dplyr::filter() masks stats::filter()
x dplyr::lag()    masks stats::lag()
trying URL 'http://search.electoralcommission.org.uk/api/csv/Donations?start={start}&rows={pageSize}&query=&sort=AcceptedDate&order=desc&et=pp&et=ppm&et=tp&et=perpar&et=rd&date=Reported&from=2021-05-26&to=&rptPd=&prePoll=false&postPoll=true&register=gb&register=ni&register=none&isIrishSourceYes=true&isIrishSourceNo=true&includeOutsideSection75=true'
Content type 'text/csv' length 442 bytes
==================================================
downloaded 442 bytes

Error: object '.' not found
Execution halted
-- Attaching packages --------------------------------------- tidyverse 1.3.1 --
v ggplot2 3.3.4     v purrr   0.3.4
v tibble  3.1.2     v dplyr   1.0.7
v tidyr   1.1.3     v stringr 1.4.0
v readr   1.4.0     v forcats 0.5.1
-- Conflicts ------------------------------------------ tidyverse_conflicts() --
x dplyr::filter() masks stats::filter()
x dplyr::lag()    masks stats::lag()
trying URL 'http://search.electoralcommission.org.uk/api/csv/Donations?start={start}&rows={pageSize}&query=&sort=AcceptedDate&order=desc&et=pp&et=ppm&et=tp&et=perpar&et=rd&date=Reported&from=2021-05-26&to=&rptPd=&prePoll=false&postPoll=true&register=gb&register=ni&register=none&isIrishSourceYes=true&isIrishSourceNo=true&includeOutsideSection75=true'
Content type 'text/csv' length 442 bytes
==================================================
downloaded 442 bytes

Error: object '.' not found
Execution halted
-- Attaching packages --------------------------------------- tidyverse 1.3.1 --
v ggplot2 3.3.4     v purrr   0.3.4
v tibble  3.1.2     v dplyr   1.0.7
v tidyr   1.1.3     v stringr 1.4.0
v readr   1.4.0     v forcats 0.5.1
-- Conflicts ------------------------------------------ tidyverse_conflicts() --
x dplyr::filter() masks stats::filter()
x dplyr::lag()    masks stats::lag()
trying URL 'http://search.electoralcommission.org.uk/api/csv/Donations?start={start}&rows={pageSize}&query=&sort=AcceptedDate&order=desc&et=pp&et=ppm&et=tp&et=perpar&et=rd&date=Reported&from=2021-05-26&to=&rptPd=&prePoll=false&postPoll=true&register=gb&register=ni&register=none&isIrishSourceYes=true&isIrishSourceNo=true&includeOutsideSection75=true'
Content type 'text/csv' length 442 bytes
==================================================
downloaded 442 bytes

Error: object '.' not found
Execution halted
-- Attaching packages --------------------------------------- tidyverse 1.3.1 --
v ggplot2 3.3.4     v purrr   0.3.4
v tibble  3.1.2     v dplyr   1.0.7
v tidyr   1.1.3     v stringr 1.4.0
v readr   1.4.0     v forcats 0.5.1
-- Conflicts ------------------------------------------ tidyverse_conflicts() --
x dplyr::filter() masks stats::filter()
x dplyr::lag()    masks stats::lag()
trying URL 'http://search.electoralcommission.org.uk/api/csv/Donations?start={start}&rows={pageSize}&query=&sort=AcceptedDate&order=desc&et=pp&et=ppm&et=tp&et=perpar&et=rd&date=Reported&from=2021-05-26&to=&rptPd=&prePoll=false&postPoll=true&register=gb&register=ni&register=none&isIrishSourceYes=true&isIrishSourceNo=true&includeOutsideSection75=true'
Content type 'text/csv' length 442 bytes
==================================================
downloaded 442 bytes

Error: object '.' not found
Execution halted
-- Attaching packages --------------------------------------- tidyverse 1.3.1 --
v ggplot2 3.3.4     v purrr   0.3.4
v tibble  3.1.2     v dplyr   1.0.7
v tidyr   1.1.3     v stringr 1.4.0
v readr   1.4.0     v forcats 0.5.1
-- Conflicts ------------------------------------------ tidyverse_conflicts() --
x dplyr::filter() masks stats::filter()
x dplyr::lag()    masks stats::lag()
trying URL 'http://search.electoralcommission.org.uk/api/csv/Donations?start={start}&rows={pageSize}&query=&sort=AcceptedDate&order=desc&et=pp&et=ppm&et=tp&et=perpar&et=rd&date=Reported&from=2021-05-26&to=&rptPd=&prePoll=false&postPoll=true&register=gb&register=ni&register=none&isIrishSourceYes=true&isIrishSourceNo=true&includeOutsideSection75=true'
Content type 'text/csv' length 442 bytes
==================================================
downloaded 442 bytes

Error: object '.' not found
Execution halted
-- Attaching packages --------------------------------------- tidyverse 1.3.1 --
v ggplot2 3.3.4     v purrr   0.3.4
v tibble  3.1.2     v dplyr   1.0.7
v tidyr   1.1.3     v stringr 1.4.0
v readr   1.4.0     v forcats 0.5.1
-- Conflicts ------------------------------------------ tidyverse_conflicts() --
x dplyr::filter() masks stats::filter()
x dplyr::lag()    masks stats::lag()
trying URL 'http://search.electoralcommission.org.uk/api/csv/Donations?start={start}&rows={pageSize}&query=&sort=AcceptedDate&order=desc&et=pp&et=ppm&et=tp&et=perpar&et=rd&date=Reported&from=2021-05-26&to=&rptPd=&prePoll=false&postPoll=true&register=gb&register=ni&register=none&isIrishSourceYes=true&isIrishSourceNo=true&includeOutsideSection75=true'
Content type 'text/csv' length 442 bytes
==================================================
downloaded 442 bytes

Error: object '.' not found
Execution halted
-- Attaching packages --------------------------------------- tidyverse 1.3.1 --
v ggplot2 3.3.4     v purrr   0.3.4
v tibble  3.1.2     v dplyr   1.0.7
v tidyr   1.1.3     v stringr 1.4.0
v readr   1.4.0     v forcats 0.5.1
-- Conflicts ------------------------------------------ tidyverse_conflicts() --
x dplyr::filter() masks stats::filter()
x dplyr::lag()    masks stats::lag()
trying URL 'http://search.electoralcommission.org.uk/api/csv/Donations?start={start}&rows={pageSize}&query=&sort=AcceptedDate&order=desc&et=pp&et=ppm&et=tp&et=perpar&et=rd&date=Reported&from=2021-05-26&to=&rptPd=&prePoll=false&postPoll=true&register=gb&register=ni&register=none&isIrishSourceYes=true&isIrishSourceNo=true&includeOutsideSection75=true'
Content type 'text/csv' length 442 bytes
==================================================
downloaded 442 bytes

Error: object '.' not found
Execution halted
-- Attaching packages --------------------------------------- tidyverse 1.3.1 --
v ggplot2 3.3.4     v purrr   0.3.4
v tibble  3.1.2     v dplyr   1.0.7
v tidyr   1.1.3     v stringr 1.4.0
v readr   1.4.0     v forcats 0.5.1
-- Conflicts ------------------------------------------ tidyverse_conflicts() --
x dplyr::filter() masks stats::filter()
x dplyr::lag()    masks stats::lag()
trying URL 'http://search.electoralcommission.org.uk/api/csv/Donations?start={start}&rows={pageSize}&query=&sort=AcceptedDate&order=desc&et=pp&et=ppm&et=tp&et=perpar&et=rd&date=Reported&from=2021-05-26&to=&rptPd=&prePoll=false&postPoll=true&register=gb&register=ni&register=none&isIrishSourceYes=true&isIrishSourceNo=true&includeOutsideSection75=true'
Content type 'text/csv' length 1330 bytes
==================================================
downloaded 1330 bytes

Error: object '.' not found
Execution halted
-- Attaching packages --------------------------------------- tidyverse 1.3.1 --
v ggplot2 3.3.4     v purrr   0.3.4
v tibble  3.1.2     v dplyr   1.0.7
v tidyr   1.1.3     v stringr 1.4.0
v readr   1.4.0     v forcats 0.5.1
-- Conflicts ------------------------------------------ tidyverse_conflicts() --
x dplyr::filter() masks stats::filter()
x dplyr::lag()    masks stats::lag()
trying URL 'http://search.electoralcommission.org.uk/api/csv/Donations?start={start}&rows={pageSize}&query=&sort=AcceptedDate&order=desc&et=pp&et=ppm&et=tp&et=perpar&et=rd&date=Reported&from=2021-05-26&to=&rptPd=&prePoll=false&postPoll=true&register=gb&register=ni&register=none&isIrishSourceYes=true&isIrishSourceNo=true&includeOutsideSection75=true'
Content type 'text/csv' length 1330 bytes
==================================================
downloaded 1330 bytes

Error: object '.' not found
Execution halted
-- Attaching packages --------------------------------------- tidyverse 1.3.1 --
v ggplot2 3.3.4     v purrr   0.3.4
v tibble  3.1.2     v dplyr   1.0.7
v tidyr   1.1.3     v stringr 1.4.0
v readr   1.4.0     v forcats 0.5.1
-- Conflicts ------------------------------------------ tidyverse_conflicts() --
x dplyr::filter() masks stats::filter()
x dplyr::lag()    masks stats::lag()
trying URL 'http://search.electoralcommission.org.uk/api/csv/Donations?start={start}&rows={pageSize}&query=&sort=AcceptedDate&order=desc&et=pp&et=ppm&et=tp&et=perpar&et=rd&date=Reported&from=2021-05-26&to=&rptPd=&prePoll=false&postPoll=true&register=gb&register=ni&register=none&isIrishSourceYes=true&isIrishSourceNo=true&includeOutsideSection75=true'
Content type 'text/csv' length 1330 bytes
==================================================
downloaded 1330 bytes

Error: object '.' not found
Execution halted
-- Attaching packages --------------------------------------- tidyverse 1.3.1 --
v ggplot2 3.3.4     v purrr   0.3.4
v tibble  3.1.2     v dplyr   1.0.7
v tidyr   1.1.3     v stringr 1.4.0
v readr   1.4.0     v forcats 0.5.1
-- Conflicts ------------------------------------------ tidyverse_conflicts() --
x dplyr::filter() masks stats::filter()
x dplyr::lag()    masks stats::lag()
trying URL 'http://search.electoralcommission.org.uk/api/csv/Donations?start={start}&rows={pageSize}&query=&sort=AcceptedDate&order=desc&et=pp&et=ppm&et=tp&et=perpar&et=rd&date=Reported&from=2021-05-26&to=&rptPd=&prePoll=false&postPoll=true&register=gb&register=ni&register=none&isIrishSourceYes=true&isIrishSourceNo=true&includeOutsideSection75=true'
Content type 'text/csv' length 1330 bytes
==================================================
downloaded 1330 bytes

Error: object '.' not found
Execution halted
-- Attaching packages --------------------------------------- tidyverse 1.3.1 --
v ggplot2 3.3.4     v purrr   0.3.4
v tibble  3.1.2     v dplyr   1.0.7
v tidyr   1.1.3     v stringr 1.4.0
v readr   1.4.0     v forcats 0.5.1
-- Conflicts ------------------------------------------ tidyverse_conflicts() --
x dplyr::filter() masks stats::filter()
x dplyr::lag()    masks stats::lag()
trying URL 'http://search.electoralcommission.org.uk/api/csv/Donations?start={start}&rows={pageSize}&query=&sort=AcceptedDate&order=desc&et=pp&et=ppm&et=tp&et=perpar&et=rd&date=Reported&from=2021-05-26&to=&rptPd=&prePoll=false&postPoll=true&register=gb&register=ni&register=none&isIrishSourceYes=true&isIrishSourceNo=true&includeOutsideSection75=true'
Content type 'text/csv' length 1330 bytes
==================================================
downloaded 1330 bytes

Error: object '.' not found
Execution halted
-- Attaching packages --------------------------------------- tidyverse 1.3.1 --
v ggplot2 3.3.4     v purrr   0.3.4
v tibble  3.1.2     v dplyr   1.0.7
v tidyr   1.1.3     v stringr 1.4.0
v readr   1.4.0     v forcats 0.5.1
-- Conflicts ------------------------------------------ tidyverse_conflicts() --
x dplyr::filter() masks stats::filter()
x dplyr::lag()    masks stats::lag()
trying URL 'http://search.electoralcommission.org.uk/api/csv/Donations?start={start}&rows={pageSize}&query=&sort=AcceptedDate&order=desc&et=pp&et=ppm&et=tp&et=perpar&et=rd&date=Reported&from=2021-05-26&to=&rptPd=&prePoll=false&postPoll=true&register=gb&register=ni&register=none&isIrishSourceYes=true&isIrishSourceNo=true&includeOutsideSection75=true'
Content type 'text/csv' length 1330 bytes
==================================================
downloaded 1330 bytes

Error: object '.' not found
Execution halted
-- Attaching packages --------------------------------------- tidyverse 1.3.1 --
v ggplot2 3.3.4     v purrr   0.3.4
v tibble  3.1.2     v dplyr   1.0.7
v tidyr   1.1.3     v stringr 1.4.0
v readr   1.4.0     v forcats 0.5.1
-- Conflicts ------------------------------------------ tidyverse_conflicts() --
x dplyr::filter() masks stats::filter()
x dplyr::lag()    masks stats::lag()
trying URL 'http://search.electoralcommission.org.uk/api/csv/Donations?start={start}&rows={pageSize}&query=&sort=AcceptedDate&order=desc&et=pp&et=ppm&et=tp&et=perpar&et=rd&date=Reported&from=2021-05-26&to=&rptPd=&prePoll=false&postPoll=true&register=gb&register=ni&register=none&isIrishSourceYes=true&isIrishSourceNo=true&includeOutsideSection75=true'
Content type 'text/csv' length 1330 bytes
==================================================
downloaded 1330 bytes

Error: object '.' not found
Execution halted
-- Attaching packages --------------------------------------- tidyverse 1.3.1 --
v ggplot2 3.3.4     v purrr   0.3.4
v tibble  3.1.2     v dplyr   1.0.7
v tidyr   1.1.3     v stringr 1.4.0
v readr   1.4.0     v forcats 0.5.1
-- Conflicts ------------------------------------------ tidyverse_conflicts() --
x dplyr::filter() masks stats::filter()
x dplyr::lag()    masks stats::lag()
trying URL 'http://search.electoralcommission.org.uk/api/csv/Donations?start={start}&rows={pageSize}&query=&sort=AcceptedDate&order=desc&et=pp&et=ppm&et=tp&et=perpar&et=rd&date=Reported&from=2021-05-26&to=&rptPd=&prePoll=false&postPoll=true&register=gb&register=ni&register=none&isIrishSourceYes=true&isIrishSourceNo=true&includeOutsideSection75=true'
Content type 'text/csv' length 1330 bytes
==================================================
downloaded 1330 bytes

Error: object '.' not found
Execution halted
-- Attaching packages --------------------------------------- tidyverse 1.3.1 --
v ggplot2 3.3.4     v purrr   0.3.4
v tibble  3.1.2     v dplyr   1.0.7
v tidyr   1.1.3     v stringr 1.4.0
v readr   1.4.0     v forcats 0.5.1
-- Conflicts ------------------------------------------ tidyverse_conflicts() --
x dplyr::filter() masks stats::filter()
x dplyr::lag()    masks stats::lag()
trying URL 'http://search.electoralcommission.org.uk/api/csv/Donations?start={start}&rows={pageSize}&query=&sort=AcceptedDate&order=desc&et=pp&et=ppm&et=tp&et=perpar&et=rd&date=Reported&from=2021-05-26&to=&rptPd=&prePoll=false&postPoll=true&register=gb&register=ni&register=none&isIrishSourceYes=true&isIrishSourceNo=true&includeOutsideSection75=true'
Content type 'text/csv' length 1330 bytes
==================================================
downloaded 1330 bytes

Error: object '.' not found
Execution halted
-- Attaching packages --------------------------------------- tidyverse 1.3.1 --
v ggplot2 3.3.4     v purrr   0.3.4
v tibble  3.1.2     v dplyr   1.0.7
v tidyr   1.1.3     v stringr 1.4.0
v readr   1.4.0     v forcats 0.5.1
-- Conflicts ------------------------------------------ tidyverse_conflicts() --
x dplyr::filter() masks stats::filter()
x dplyr::lag()    masks stats::lag()
trying URL 'http://search.electoralcommission.org.uk/api/csv/Donations?start={start}&rows={pageSize}&query=&sort=AcceptedDate&order=desc&et=pp&et=ppm&et=tp&et=perpar&et=rd&date=Reported&from=2021-05-26&to=&rptPd=&prePoll=false&postPoll=true&register=gb&register=ni&register=none&isIrishSourceYes=true&isIrishSourceNo=true&includeOutsideSection75=true'
Content type 'text/csv' length 1330 bytes
==================================================
downloaded 1330 bytes

Error: object '.' not found
Execution halted
-- Attaching packages --------------------------------------- tidyverse 1.3.1 --
v ggplot2 3.3.4     v purrr   0.3.4
v tibble  3.1.2     v dplyr   1.0.7
v tidyr   1.1.3     v stringr 1.4.0
v readr   1.4.0     v forcats 0.5.1
-- Conflicts ------------------------------------------ tidyverse_conflicts() --
x dplyr::filter() masks stats::filter()
x dplyr::lag()    masks stats::lag()
trying URL 'http://search.electoralcommission.org.uk/api/csv/Donations?start={start}&rows={pageSize}&query=&sort=AcceptedDate&order=desc&et=pp&et=ppm&et=tp&et=perpar&et=rd&date=Reported&from=2021-05-26&to=&rptPd=&prePoll=false&postPoll=true&register=gb&register=ni&register=none&isIrishSourceYes=true&isIrishSourceNo=true&includeOutsideSection75=true'
Content type 'text/csv' length 1330 bytes
==================================================
downloaded 1330 bytes

Error: object '.' not found
Execution halted
-- Attaching packages --------------------------------------- tidyverse 1.3.1 --
v ggplot2 3.3.4     v purrr   0.3.4
v tibble  3.1.2     v dplyr   1.0.7
v tidyr   1.1.3     v stringr 1.4.0
v readr   1.4.0     v forcats 0.5.1
-- Conflicts ------------------------------------------ tidyverse_conflicts() --
x dplyr::filter() masks stats::filter()
x dplyr::lag()    masks stats::lag()
trying URL 'http://search.electoralcommission.org.uk/api/csv/Donations?start={start}&rows={pageSize}&query=&sort=AcceptedDate&order=desc&et=pp&et=ppm&et=tp&et=perpar&et=rd&date=Reported&from=2021-05-26&to=&rptPd=&prePoll=false&postPoll=true&register=gb&register=ni&register=none&isIrishSourceYes=true&isIrishSourceNo=true&includeOutsideSection75=true'
Content type 'text/csv' length 1330 bytes
==================================================
downloaded 1330 bytes

Error: object '.' not found
Execution halted
-- Attaching packages --------------------------------------- tidyverse 1.3.1 --
v ggplot2 3.3.4     v purrr   0.3.4
v tibble  3.1.2     v dplyr   1.0.7
v tidyr   1.1.3     v stringr 1.4.0
v readr   1.4.0     v forcats 0.5.1
-- Conflicts ------------------------------------------ tidyverse_conflicts() --
x dplyr::filter() masks stats::filter()
x dplyr::lag()    masks stats::lag()
trying URL 'http://search.electoralcommission.org.uk/api/csv/Donations?start={start}&rows={pageSize}&query=&sort=AcceptedDate&order=desc&et=pp&et=ppm&et=tp&et=perpar&et=rd&date=Reported&from=2021-05-26&to=&rptPd=&prePoll=false&postPoll=true&register=gb&register=ni&register=none&isIrishSourceYes=true&isIrishSourceNo=true&includeOutsideSection75=true'
Content type 'text/csv' length 1330 bytes
==================================================
downloaded 1330 bytes

Error: object '.' not found
Execution halted
-- Attaching packages --------------------------------------- tidyverse 1.3.1 --
v ggplot2 3.3.4     v purrr   0.3.4
v tibble  3.1.2     v dplyr   1.0.7
v tidyr   1.1.3     v stringr 1.4.0
v readr   1.4.0     v forcats 0.5.1
-- Conflicts ------------------------------------------ tidyverse_conflicts() --
x dplyr::filter() masks stats::filter()
x dplyr::lag()    masks stats::lag()
trying URL 'http://search.electoralcommission.org.uk/api/csv/Donations?start={start}&rows={pageSize}&query=&sort=AcceptedDate&order=desc&et=pp&et=ppm&et=tp&et=perpar&et=rd&date=Reported&from=2021-05-26&to=&rptPd=&prePoll=false&postPoll=true&register=gb&register=ni&register=none&isIrishSourceYes=true&isIrishSourceNo=true&includeOutsideSection75=true'
Content type 'text/csv' length 1330 bytes
==================================================
downloaded 1330 bytes

Error: object '.' not found
Execution halted
-- Attaching packages --------------------------------------- tidyverse 1.3.1 --
v ggplot2 3.3.4     v purrr   0.3.4
v tibble  3.1.2     v dplyr   1.0.7
v tidyr   1.1.3     v stringr 1.4.0
v readr   1.4.0     v forcats 0.5.1
-- Conflicts ------------------------------------------ tidyverse_conflicts() --
x dplyr::filter() masks stats::filter()
x dplyr::lag()    masks stats::lag()
trying URL 'http://search.electoralcommission.org.uk/api/csv/Donations?start={start}&rows={pageSize}&query=&sort=AcceptedDate&order=desc&et=pp&et=ppm&et=tp&et=perpar&et=rd&date=Reported&from=2021-05-26&to=&rptPd=&prePoll=false&postPoll=true&register=gb&register=ni&register=none&isIrishSourceYes=true&isIrishSourceNo=true&includeOutsideSection75=true'
Content type 'text/csv' length 1330 bytes
==================================================
downloaded 1330 bytes

Error: object '.' not found
Execution halted
-- Attaching packages --------------------------------------- tidyverse 1.3.1 --
v ggplot2 3.3.4     v purrr   0.3.4
v tibble  3.1.2     v dplyr   1.0.7
v tidyr   1.1.3     v stringr 1.4.0
v readr   1.4.0     v forcats 0.5.1
-- Conflicts ------------------------------------------ tidyverse_conflicts() --
x dplyr::filter() masks stats::filter()
x dplyr::lag()    masks stats::lag()
trying URL 'http://search.electoralcommission.org.uk/api/csv/Donations?start={start}&rows={pageSize}&query=&sort=AcceptedDate&order=desc&et=pp&et=ppm&et=tp&et=perpar&et=rd&date=Reported&from=2021-05-26&to=&rptPd=&prePoll=false&postPoll=true&register=gb&register=ni&register=none&isIrishSourceYes=true&isIrishSourceNo=true&includeOutsideSection75=true'
Content type 'text/csv' length 1330 bytes
==================================================
downloaded 1330 bytes

Error: object '.' not found
Execution halted
-- Attaching packages --------------------------------------- tidyverse 1.3.1 --
v ggplot2 3.3.4     v purrr   0.3.4
v tibble  3.1.2     v dplyr   1.0.7
v tidyr   1.1.3     v stringr 1.4.0
v readr   1.4.0     v forcats 0.5.1
-- Conflicts ------------------------------------------ tidyverse_conflicts() --
x dplyr::filter() masks stats::filter()
x dplyr::lag()    masks stats::lag()
trying URL 'http://search.electoralcommission.org.uk/api/csv/Donations?start={start}&rows={pageSize}&query=&sort=AcceptedDate&order=desc&et=pp&et=ppm&et=tp&et=perpar&et=rd&date=Reported&from=2021-05-26&to=&rptPd=&prePoll=false&postPoll=true&register=gb&register=ni&register=none&isIrishSourceYes=true&isIrishSourceNo=true&includeOutsideSection75=true'
Content type 'text/csv' length 1330 bytes
==================================================
downloaded 1330 bytes

Error: object '.' not found
Execution halted
-- Attaching packages --------------------------------------- tidyverse 1.3.1 --
v ggplot2 3.3.4     v purrr   0.3.4
v tibble  3.1.2     v dplyr   1.0.7
v tidyr   1.1.3     v stringr 1.4.0
v readr   1.4.0     v forcats 0.5.1
-- Conflicts ------------------------------------------ tidyverse_conflicts() --
x dplyr::filter() masks stats::filter()
x dplyr::lag()    masks stats::lag()
trying URL 'http://search.electoralcommission.org.uk/api/csv/Donations?start={start}&rows={pageSize}&query=&sort=AcceptedDate&order=desc&et=pp&et=ppm&et=tp&et=perpar&et=rd&date=Reported&from=2021-05-26&to=&rptPd=&prePoll=false&postPoll=true&register=gb&register=ni&register=none&isIrishSourceYes=true&isIrishSourceNo=true&includeOutsideSection75=true'
Content type 'text/csv' length 1330 bytes
==================================================
downloaded 1330 bytes

Error: object '.' not found
Execution halted
-- Attaching packages --------------------------------------- tidyverse 1.3.1 --
v ggplot2 3.3.4     v purrr   0.3.4
v tibble  3.1.2     v dplyr   1.0.7
v tidyr   1.1.3     v stringr 1.4.0
v readr   1.4.0     v forcats 0.5.1
-- Conflicts ------------------------------------------ tidyverse_conflicts() --
x dplyr::filter() masks stats::filter()
x dplyr::lag()    masks stats::lag()
trying URL 'http://search.electoralcommission.org.uk/api/csv/Donations?start={start}&rows={pageSize}&query=&sort=AcceptedDate&order=desc&et=pp&et=ppm&et=tp&et=perpar&et=rd&date=Reported&from=2021-05-26&to=&rptPd=&prePoll=false&postPoll=true&register=gb&register=ni&register=none&isIrishSourceYes=true&isIrishSourceNo=true&includeOutsideSection75=true'
Content type 'text/csv' length 1330 bytes
==================================================
downloaded 1330 bytes

Error: object '.' not found
Execution halted
-- Attaching packages --------------------------------------- tidyverse 1.3.1 --
v ggplot2 3.3.4     v purrr   0.3.4
v tibble  3.1.2     v dplyr   1.0.7
v tidyr   1.1.3     v stringr 1.4.0
v readr   1.4.0     v forcats 0.5.1
-- Conflicts ------------------------------------------ tidyverse_conflicts() --
x dplyr::filter() masks stats::filter()
x dplyr::lag()    masks stats::lag()
trying URL 'http://search.electoralcommission.org.uk/api/csv/Donations?start={start}&rows={pageSize}&query=&sort=AcceptedDate&order=desc&et=pp&et=ppm&et=tp&et=perpar&et=rd&date=Reported&from=2021-05-26&to=&rptPd=&prePoll=false&postPoll=true&register=gb&register=ni&register=none&isIrishSourceYes=true&isIrishSourceNo=true&includeOutsideSection75=true'
Content type 'text/csv' length 1330 bytes
==================================================
downloaded 1330 bytes

Error: object '.' not found
Execution halted
-- Attaching packages --------------------------------------- tidyverse 1.3.1 --
v ggplot2 3.3.4     v purrr   0.3.4
v tibble  3.1.2     v dplyr   1.0.7
v tidyr   1.1.3     v stringr 1.4.0
v readr   1.4.0     v forcats 0.5.1
-- Conflicts ------------------------------------------ tidyverse_conflicts() --
x dplyr::filter() masks stats::filter()
x dplyr::lag()    masks stats::lag()
trying URL 'http://search.electoralcommission.org.uk/api/csv/Donations?start={start}&rows={pageSize}&query=&sort=AcceptedDate&order=desc&et=pp&et=ppm&et=tp&et=perpar&et=rd&date=Reported&from=2021-05-26&to=&rptPd=&prePoll=false&postPoll=true&register=gb&register=ni&register=none&isIrishSourceYes=true&isIrishSourceNo=true&includeOutsideSection75=true'
Content type 'text/csv' length 1330 bytes
==================================================
downloaded 1330 bytes

Error: object '.' not found
Execution halted
-- Attaching packages --------------------------------------- tidyverse 1.3.1 --
v ggplot2 3.3.4     v purrr   0.3.4
v tibble  3.1.2     v dplyr   1.0.7
v tidyr   1.1.3     v stringr 1.4.0
v readr   1.4.0     v forcats 0.5.1
-- Conflicts ------------------------------------------ tidyverse_conflicts() --
x dplyr::filter() masks stats::filter()
x dplyr::lag()    masks stats::lag()
trying URL 'http://search.electoralcommission.org.uk/api/csv/Donations?start={start}&rows={pageSize}&query=&sort=AcceptedDate&order=desc&et=pp&et=ppm&et=tp&et=perpar&et=rd&date=Reported&from=2021-05-26&to=&rptPd=&prePoll=false&postPoll=true&register=gb&register=ni&register=none&isIrishSourceYes=true&isIrishSourceNo=true&includeOutsideSection75=true'
Content type 'text/csv' length 1330 bytes
==================================================
downloaded 1330 bytes

Error: object '.' not found
Execution halted
-- Attaching packages --------------------------------------- tidyverse 1.3.1 --
v ggplot2 3.3.4     v purrr   0.3.4
v tibble  3.1.2     v dplyr   1.0.7
v tidyr   1.1.3     v stringr 1.4.0
v readr   1.4.0     v forcats 0.5.1
-- Conflicts ------------------------------------------ tidyverse_conflicts() --
x dplyr::filter() masks stats::filter()
x dplyr::lag()    masks stats::lag()
trying URL 'http://search.electoralcommission.org.uk/api/csv/Donations?start={start}&rows={pageSize}&query=&sort=AcceptedDate&order=desc&et=pp&et=ppm&et=tp&et=perpar&et=rd&date=Reported&from=2021-05-26&to=&rptPd=&prePoll=false&postPoll=true&register=gb&register=ni&register=none&isIrishSourceYes=true&isIrishSourceNo=true&includeOutsideSection75=true'
Content type 'text/csv' length 1330 bytes
==================================================
downloaded 1330 bytes

Error: object '.' not found
Execution halted
-- Attaching packages --------------------------------------- tidyverse 1.3.1 --
v ggplot2 3.3.4     v purrr   0.3.4
v tibble  3.1.2     v dplyr   1.0.7
v tidyr   1.1.3     v stringr 1.4.0
v readr   1.4.0     v forcats 0.5.1
-- Conflicts ------------------------------------------ tidyverse_conflicts() --
x dplyr::filter() masks stats::filter()
x dplyr::lag()    masks stats::lag()
trying URL 'http://search.electoralcommission.org.uk/api/csv/Donations?start={start}&rows={pageSize}&query=&sort=AcceptedDate&order=desc&et=pp&et=ppm&et=tp&et=perpar&et=rd&date=Reported&from=2021-05-26&to=&rptPd=&prePoll=false&postPoll=true&register=gb&register=ni&register=none&isIrishSourceYes=true&isIrishSourceNo=true&includeOutsideSection75=true'
Content type 'text/csv' length 1330 bytes
==================================================
downloaded 1330 bytes

Error: object '.' not found
Execution halted
-- Attaching packages --------------------------------------- tidyverse 1.3.1 --
v ggplot2 3.3.4     v purrr   0.3.4
v tibble  3.1.2     v dplyr   1.0.7
v tidyr   1.1.3     v stringr 1.4.0
v readr   1.4.0     v forcats 0.5.1
-- Conflicts ------------------------------------------ tidyverse_conflicts() --
x dplyr::filter() masks stats::filter()
x dplyr::lag()    masks stats::lag()
trying URL 'http://search.electoralcommission.org.uk/api/csv/Donations?start={start}&rows={pageSize}&query=&sort=AcceptedDate&order=desc&et=pp&et=ppm&et=tp&et=perpar&et=rd&date=Reported&from=2021-05-26&to=&rptPd=&prePoll=false&postPoll=true&register=gb&register=ni&register=none&isIrishSourceYes=true&isIrishSourceNo=true&includeOutsideSection75=true'
Content type 'text/csv' length 1330 bytes
==================================================
downloaded 1330 bytes

Error: object '.' not found
Execution halted
-- Attaching packages --------------------------------------- tidyverse 1.3.1 --
v ggplot2 3.3.4     v purrr   0.3.4
v tibble  3.1.2     v dplyr   1.0.7
v tidyr   1.1.3     v stringr 1.4.0
v readr   1.4.0     v forcats 0.5.1
-- Conflicts ------------------------------------------ tidyverse_conflicts() --
x dplyr::filter() masks stats::filter()
x dplyr::lag()    masks stats::lag()
trying URL 'http://search.electoralcommission.org.uk/api/csv/Donations?start={start}&rows={pageSize}&query=&sort=AcceptedDate&order=desc&et=pp&et=ppm&et=tp&et=perpar&et=rd&date=Reported&from=2021-05-26&to=&rptPd=&prePoll=false&postPoll=true&register=gb&register=ni&register=none&isIrishSourceYes=true&isIrishSourceNo=true&includeOutsideSection75=true'
Content type 'text/csv' length 1330 bytes
==================================================
downloaded 1330 bytes

Error: object '.' not found
Execution halted
-- Attaching packages --------------------------------------- tidyverse 1.3.1 --
v ggplot2 3.3.4     v purrr   0.3.4
v tibble  3.1.2     v dplyr   1.0.7
v tidyr   1.1.3     v stringr 1.4.0
v readr   1.4.0     v forcats 0.5.1
-- Conflicts ------------------------------------------ tidyverse_conflicts() --
x dplyr::filter() masks stats::filter()
x dplyr::lag()    masks stats::lag()
trying URL 'http://search.electoralcommission.org.uk/api/csv/Donations?start={start}&rows={pageSize}&query=&sort=AcceptedDate&order=desc&et=pp&et=ppm&et=tp&et=perpar&et=rd&date=Reported&from=2021-05-26&to=&rptPd=&prePoll=false&postPoll=true&register=gb&register=ni&register=none&isIrishSourceYes=true&isIrishSourceNo=true&includeOutsideSection75=true'
Content type 'text/csv' length 1330 bytes
==================================================
downloaded 1330 bytes

Error: object '.' not found
Execution halted
-- Attaching packages --------------------------------------- tidyverse 1.3.1 --
v ggplot2 3.3.4     v purrr   0.3.4
v tibble  3.1.2     v dplyr   1.0.7
v tidyr   1.1.3     v stringr 1.4.0
v readr   1.4.0     v forcats 0.5.1
-- Conflicts ------------------------------------------ tidyverse_conflicts() --
x dplyr::filter() masks stats::filter()
x dplyr::lag()    masks stats::lag()
trying URL 'http://search.electoralcommission.org.uk/api/csv/Donations?start={start}&rows={pageSize}&query=&sort=AcceptedDate&order=desc&et=pp&et=ppm&et=tp&et=perpar&et=rd&date=Reported&from=2021-05-26&to=&rptPd=&prePoll=false&postPoll=true&register=gb&register=ni&register=none&isIrishSourceYes=true&isIrishSourceNo=true&includeOutsideSection75=true'
Content type 'text/csv' length 1330 bytes
==================================================
downloaded 1330 bytes

Error: object '.' not found
Execution halted
-- Attaching packages --------------------------------------- tidyverse 1.3.1 --
v ggplot2 3.3.4     v purrr   0.3.4
v tibble  3.1.2     v dplyr   1.0.7
v tidyr   1.1.3     v stringr 1.4.0
v readr   1.4.0     v forcats 0.5.1
-- Conflicts ------------------------------------------ tidyverse_conflicts() --
x dplyr::filter() masks stats::filter()
x dplyr::lag()    masks stats::lag()
trying URL 'http://search.electoralcommission.org.uk/api/csv/Donations?start={start}&rows={pageSize}&query=&sort=AcceptedDate&order=desc&et=pp&et=ppm&et=tp&et=perpar&et=rd&date=Reported&from=2021-05-26&to=&rptPd=&prePoll=false&postPoll=true&register=gb&register=ni&register=none&isIrishSourceYes=true&isIrishSourceNo=true&includeOutsideSection75=true'
Content type 'text/csv' length 1330 bytes
==================================================
downloaded 1330 bytes

Error: object '.' not found
Execution halted
-- Attaching packages --------------------------------------- tidyverse 1.3.1 --
v ggplot2 3.3.4     v purrr   0.3.4
v tibble  3.1.2     v dplyr   1.0.7
v tidyr   1.1.3     v stringr 1.4.0
v readr   1.4.0     v forcats 0.5.1
-- Conflicts ------------------------------------------ tidyverse_conflicts() --
x dplyr::filter() masks stats::filter()
x dplyr::lag()    masks stats::lag()
trying URL 'http://search.electoralcommission.org.uk/api/csv/Donations?start={start}&rows={pageSize}&query=&sort=AcceptedDate&order=desc&et=pp&et=ppm&et=tp&et=perpar&et=rd&date=Reported&from=2021-05-26&to=&rptPd=&prePoll=false&postPoll=true&register=gb&register=ni&register=none&isIrishSourceYes=true&isIrishSourceNo=true&includeOutsideSection75=true'
Content type 'text/csv' length 1330 bytes
==================================================
downloaded 1330 bytes

Error: object '.' not found
Execution halted
-- Attaching packages --------------------------------------- tidyverse 1.3.1 --
v ggplot2 3.3.4     v purrr   0.3.4
v tibble  3.1.2     v dplyr   1.0.7
v tidyr   1.1.3     v stringr 1.4.0
v readr   1.4.0     v forcats 0.5.1
-- Conflicts ------------------------------------------ tidyverse_conflicts() --
x dplyr::filter() masks stats::filter()
x dplyr::lag()    masks stats::lag()
trying URL 'http://search.electoralcommission.org.uk/api/csv/Donations?start={start}&rows={pageSize}&query=&sort=AcceptedDate&order=desc&et=pp&et=ppm&et=tp&et=perpar&et=rd&date=Reported&from=2021-05-26&to=&rptPd=&prePoll=false&postPoll=true&register=gb&register=ni&register=none&isIrishSourceYes=true&isIrishSourceNo=true&includeOutsideSection75=true'
Content type 'text/csv' length 1330 bytes
==================================================
downloaded 1330 bytes

Error: object '.' not found
Execution halted
-- Attaching packages --------------------------------------- tidyverse 1.3.1 --
v ggplot2 3.3.4     v purrr   0.3.4
v tibble  3.1.2     v dplyr   1.0.7
v tidyr   1.1.3     v stringr 1.4.0
v readr   1.4.0     v forcats 0.5.1
-- Conflicts ------------------------------------------ tidyverse_conflicts() --
x dplyr::filter() masks stats::filter()
x dplyr::lag()    masks stats::lag()
trying URL 'http://search.electoralcommission.org.uk/api/csv/Donations?start={start}&rows={pageSize}&query=&sort=AcceptedDate&order=desc&et=pp&et=ppm&et=tp&et=perpar&et=rd&date=Reported&from=2021-05-26&to=&rptPd=&prePoll=false&postPoll=true&register=gb&register=ni&register=none&isIrishSourceYes=true&isIrishSourceNo=true&includeOutsideSection75=true'
Content type 'text/csv' length 1330 bytes
==================================================
downloaded 1330 bytes

Error: object '.' not found
Execution halted
-- Attaching packages --------------------------------------- tidyverse 1.3.1 --
v ggplot2 3.3.4     v purrr   0.3.4
v tibble  3.1.2     v dplyr   1.0.7
v tidyr   1.1.3     v stringr 1.4.0
v readr   1.4.0     v forcats 0.5.1
-- Conflicts ------------------------------------------ tidyverse_conflicts() --
x dplyr::filter() masks stats::filter()
x dplyr::lag()    masks stats::lag()
trying URL 'http://search.electoralcommission.org.uk/api/csv/Donations?start={start}&rows={pageSize}&query=&sort=AcceptedDate&order=desc&et=pp&et=ppm&et=tp&et=perpar&et=rd&date=Reported&from=2021-05-26&to=&rptPd=&prePoll=false&postPoll=true&register=gb&register=ni&register=none&isIrishSourceYes=true&isIrishSourceNo=true&includeOutsideSection75=true'
Content type 'text/csv' length 1330 bytes
==================================================
downloaded 1330 bytes

Error: object '.' not found
Execution halted
-- Attaching packages --------------------------------------- tidyverse 1.3.1 --
v ggplot2 3.3.4     v purrr   0.3.4
v tibble  3.1.2     v dplyr   1.0.7
v tidyr   1.1.3     v stringr 1.4.0
v readr   1.4.0     v forcats 0.5.1
-- Conflicts ------------------------------------------ tidyverse_conflicts() --
x dplyr::filter() masks stats::filter()
x dplyr::lag()    masks stats::lag()
trying URL 'http://search.electoralcommission.org.uk/api/csv/Donations?start={start}&rows={pageSize}&query=&sort=AcceptedDate&order=desc&et=pp&et=ppm&et=tp&et=perpar&et=rd&date=Reported&from=2021-05-26&to=&rptPd=&prePoll=false&postPoll=true&register=gb&register=ni&register=none&isIrishSourceYes=true&isIrishSourceNo=true&includeOutsideSection75=true'
Content type 'text/csv' length 1330 bytes
==================================================
downloaded 1330 bytes

Error: object '.' not found
Execution halted
-- Attaching packages --------------------------------------- tidyverse 1.3.1 --
v ggplot2 3.3.4     v purrr   0.3.4
v tibble  3.1.2     v dplyr   1.0.7
v tidyr   1.1.3     v stringr 1.4.0
v readr   1.4.0     v forcats 0.5.1
-- Conflicts ------------------------------------------ tidyverse_conflicts() --
x dplyr::filter() masks stats::filter()
x dplyr::lag()    masks stats::lag()
trying URL 'http://search.electoralcommission.org.uk/api/csv/Donations?start={start}&rows={pageSize}&query=&sort=AcceptedDate&order=desc&et=pp&et=ppm&et=tp&et=perpar&et=rd&date=Reported&from=2021-05-26&to=&rptPd=&prePoll=false&postPoll=true&register=gb&register=ni&register=none&isIrishSourceYes=true&isIrishSourceNo=true&includeOutsideSection75=true'
Content type 'text/csv' length 1330 bytes
==================================================
downloaded 1330 bytes

Error: object '.' not found
Execution halted
-- Attaching packages --------------------------------------- tidyverse 1.3.1 --
v ggplot2 3.3.4     v purrr   0.3.4
v tibble  3.1.2     v dplyr   1.0.7
v tidyr   1.1.3     v stringr 1.4.0
v readr   1.4.0     v forcats 0.5.1
-- Conflicts ------------------------------------------ tidyverse_conflicts() --
x dplyr::filter() masks stats::filter()
x dplyr::lag()    masks stats::lag()
trying URL 'http://search.electoralcommission.org.uk/api/csv/Donations?start={start}&rows={pageSize}&query=&sort=AcceptedDate&order=desc&et=pp&et=ppm&et=tp&et=perpar&et=rd&date=Reported&from=2021-05-26&to=&rptPd=&prePoll=false&postPoll=true&register=gb&register=ni&register=none&isIrishSourceYes=true&isIrishSourceNo=true&includeOutsideSection75=true'
Content type 'text/csv' length 1330 bytes
==================================================
downloaded 1330 bytes

Error: object '.' not found
Execution halted
-- Attaching packages --------------------------------------- tidyverse 1.3.1 --
v ggplot2 3.3.4     v purrr   0.3.4
v tibble  3.1.2     v dplyr   1.0.7
v tidyr   1.1.3     v stringr 1.4.0
v readr   1.4.0     v forcats 0.5.1
-- Conflicts ------------------------------------------ tidyverse_conflicts() --
x dplyr::filter() masks stats::filter()
x dplyr::lag()    masks stats::lag()
trying URL 'http://search.electoralcommission.org.uk/api/csv/Donations?start={start}&rows={pageSize}&query=&sort=AcceptedDate&order=desc&et=pp&et=ppm&et=tp&et=perpar&et=rd&date=Reported&from=2021-05-26&to=&rptPd=&prePoll=false&postPoll=true&register=gb&register=ni&register=none&isIrishSourceYes=true&isIrishSourceNo=true&includeOutsideSection75=true'
Content type 'text/csv' length 1330 bytes
==================================================
downloaded 1330 bytes

Error: object '.' not found
Execution halted
-- Attaching packages --------------------------------------- tidyverse 1.3.1 --
v ggplot2 3.3.4     v purrr   0.3.4
v tibble  3.1.2     v dplyr   1.0.7
v tidyr   1.1.3     v stringr 1.4.0
v readr   1.4.0     v forcats 0.5.1
-- Conflicts ------------------------------------------ tidyverse_conflicts() --
x dplyr::filter() masks stats::filter()
x dplyr::lag()    masks stats::lag()
trying URL 'http://search.electoralcommission.org.uk/api/csv/Donations?start={start}&rows={pageSize}&query=&sort=AcceptedDate&order=desc&et=pp&et=ppm&et=tp&et=perpar&et=rd&date=Reported&from=2021-05-26&to=&rptPd=&prePoll=false&postPoll=true&register=gb&register=ni&register=none&isIrishSourceYes=true&isIrishSourceNo=true&includeOutsideSection75=true'
Content type 'text/csv' length 1330 bytes
==================================================
downloaded 1330 bytes

Error: object '.' not found
Execution halted
-- Attaching packages --------------------------------------- tidyverse 1.3.1 --
v ggplot2 3.3.4     v purrr   0.3.4
v tibble  3.1.2     v dplyr   1.0.7
v tidyr   1.1.3     v stringr 1.4.0
v readr   1.4.0     v forcats 0.5.1
-- Conflicts ------------------------------------------ tidyverse_conflicts() --
x dplyr::filter() masks stats::filter()
x dplyr::lag()    masks stats::lag()
trying URL 'http://search.electoralcommission.org.uk/api/csv/Donations?start={start}&rows={pageSize}&query=&sort=AcceptedDate&order=desc&et=pp&et=ppm&et=tp&et=perpar&et=rd&date=Reported&from=2021-05-26&to=&rptPd=&prePoll=false&postPoll=true&register=gb&register=ni&register=none&isIrishSourceYes=true&isIrishSourceNo=true&includeOutsideSection75=true'
Content type 'text/csv' length 1330 bytes
==================================================
downloaded 1330 bytes

Error: object '.' not found
Execution halted
-- Attaching packages --------------------------------------- tidyverse 1.3.1 --
v ggplot2 3.3.4     v purrr   0.3.4
v tibble  3.1.2     v dplyr   1.0.7
v tidyr   1.1.3     v stringr 1.4.0
v readr   1.4.0     v forcats 0.5.1
-- Conflicts ------------------------------------------ tidyverse_conflicts() --
x dplyr::filter() masks stats::filter()
x dplyr::lag()    masks stats::lag()
trying URL 'http://search.electoralcommission.org.uk/api/csv/Donations?start={start}&rows={pageSize}&query=&sort=AcceptedDate&order=desc&et=pp&et=ppm&et=tp&et=perpar&et=rd&date=Reported&from=2021-05-26&to=&rptPd=&prePoll=false&postPoll=true&register=gb&register=ni&register=none&isIrishSourceYes=true&isIrishSourceNo=true&includeOutsideSection75=true'
Content type 'text/csv' length 1330 bytes
==================================================
downloaded 1330 bytes

Error: object '.' not found
Execution halted
-- Attaching packages --------------------------------------- tidyverse 1.3.1 --
v ggplot2 3.3.4     v purrr   0.3.4
v tibble  3.1.2     v dplyr   1.0.7
v tidyr   1.1.3     v stringr 1.4.0
v readr   1.4.0     v forcats 0.5.1
-- Conflicts ------------------------------------------ tidyverse_conflicts() --
x dplyr::filter() masks stats::filter()
x dplyr::lag()    masks stats::lag()
trying URL 'http://search.electoralcommission.org.uk/api/csv/Donations?start={start}&rows={pageSize}&query=&sort=AcceptedDate&order=desc&et=pp&et=ppm&et=tp&et=perpar&et=rd&date=Reported&from=2021-05-26&to=&rptPd=&prePoll=false&postPoll=true&register=gb&register=ni&register=none&isIrishSourceYes=true&isIrishSourceNo=true&includeOutsideSection75=true'
Content type 'text/csv' length 1330 bytes
==================================================
downloaded 1330 bytes

Error: object '.' not found
Execution halted
-- Attaching packages --------------------------------------- tidyverse 1.3.1 --
v ggplot2 3.3.4     v purrr   0.3.4
v tibble  3.1.2     v dplyr   1.0.7
v tidyr   1.1.3     v stringr 1.4.0
v readr   1.4.0     v forcats 0.5.1
-- Conflicts ------------------------------------------ tidyverse_conflicts() --
x dplyr::filter() masks stats::filter()
x dplyr::lag()    masks stats::lag()
trying URL 'http://search.electoralcommission.org.uk/api/csv/Donations?start={start}&rows={pageSize}&query=&sort=AcceptedDate&order=desc&et=pp&et=ppm&et=tp&et=perpar&et=rd&date=Reported&from=2021-05-26&to=&rptPd=&prePoll=false&postPoll=true&register=gb&register=ni&register=none&isIrishSourceYes=true&isIrishSourceNo=true&includeOutsideSection75=true'
Content type 'text/csv' length 1330 bytes
==================================================
downloaded 1330 bytes

Error: object '.' not found
Execution halted
-- Attaching packages --------------------------------------- tidyverse 1.3.1 --
v ggplot2 3.3.4     v purrr   0.3.4
v tibble  3.1.2     v dplyr   1.0.7
v tidyr   1.1.3     v stringr 1.4.0
v readr   1.4.0     v forcats 0.5.1
-- Conflicts ------------------------------------------ tidyverse_conflicts() --
x dplyr::filter() masks stats::filter()
x dplyr::lag()    masks stats::lag()
trying URL 'http://search.electoralcommission.org.uk/api/csv/Donations?start={start}&rows={pageSize}&query=&sort=AcceptedDate&order=desc&et=pp&et=ppm&et=tp&et=perpar&et=rd&date=Reported&from=2021-05-26&to=&rptPd=&prePoll=false&postPoll=true&register=gb&register=ni&register=none&isIrishSourceYes=true&isIrishSourceNo=true&includeOutsideSection75=true'
Content type 'text/csv' length 1330 bytes
==================================================
downloaded 1330 bytes

Error: object '.' not found
Execution halted
-- Attaching packages --------------------------------------- tidyverse 1.3.1 --
v ggplot2 3.3.4     v purrr   0.3.4
v tibble  3.1.2     v dplyr   1.0.7
v tidyr   1.1.3     v stringr 1.4.0
v readr   1.4.0     v forcats 0.5.1
-- Conflicts ------------------------------------------ tidyverse_conflicts() --
x dplyr::filter() masks stats::filter()
x dplyr::lag()    masks stats::lag()
trying URL 'http://search.electoralcommission.org.uk/api/csv/Donations?start={start}&rows={pageSize}&query=&sort=AcceptedDate&order=desc&et=pp&et=ppm&et=tp&et=perpar&et=rd&date=Reported&from=2021-05-26&to=&rptPd=&prePoll=false&postPoll=true&register=gb&register=ni&register=none&isIrishSourceYes=true&isIrishSourceNo=true&includeOutsideSection75=true'
Content type 'text/csv' length 1330 bytes
==================================================
downloaded 1330 bytes

Error: object '.' not found
Execution halted
-- Attaching packages --------------------------------------- tidyverse 1.3.1 --
v ggplot2 3.3.4     v purrr   0.3.4
v tibble  3.1.2     v dplyr   1.0.7
v tidyr   1.1.3     v stringr 1.4.0
v readr   1.4.0     v forcats 0.5.1
-- Conflicts ------------------------------------------ tidyverse_conflicts() --
x dplyr::filter() masks stats::filter()
x dplyr::lag()    masks stats::lag()
trying URL 'http://search.electoralcommission.org.uk/api/csv/Donations?start={start}&rows={pageSize}&query=&sort=AcceptedDate&order=desc&et=pp&et=ppm&et=tp&et=perpar&et=rd&date=Reported&from=2021-05-26&to=&rptPd=&prePoll=false&postPoll=true&register=gb&register=ni&register=none&isIrishSourceYes=true&isIrishSourceNo=true&includeOutsideSection75=true'
Content type 'text/csv' length 1330 bytes
==================================================
downloaded 1330 bytes

Error: object '.' not found
Execution halted
-- Attaching packages --------------------------------------- tidyverse 1.3.1 --
v ggplot2 3.3.4     v purrr   0.3.4
v tibble  3.1.2     v dplyr   1.0.7
v tidyr   1.1.3     v stringr 1.4.0
v readr   1.4.0     v forcats 0.5.1
-- Conflicts ------------------------------------------ tidyverse_conflicts() --
x dplyr::filter() masks stats::filter()
x dplyr::lag()    masks stats::lag()
trying URL 'http://search.electoralcommission.org.uk/api/csv/Donations?start={start}&rows={pageSize}&query=&sort=AcceptedDate&order=desc&et=pp&et=ppm&et=tp&et=perpar&et=rd&date=Reported&from=2021-05-26&to=&rptPd=&prePoll=false&postPoll=true&register=gb&register=ni&register=none&isIrishSourceYes=true&isIrishSourceNo=true&includeOutsideSection75=true'
Content type 'text/csv' length 1330 bytes
==================================================
downloaded 1330 bytes

Error: object '.' not found
Execution halted
-- Attaching packages --------------------------------------- tidyverse 1.3.1 --
v ggplot2 3.3.4     v purrr   0.3.4
v tibble  3.1.2     v dplyr   1.0.7
v tidyr   1.1.3     v stringr 1.4.0
v readr   1.4.0     v forcats 0.5.1
-- Conflicts ------------------------------------------ tidyverse_conflicts() --
x dplyr::filter() masks stats::filter()
x dplyr::lag()    masks stats::lag()
trying URL 'http://search.electoralcommission.org.uk/api/csv/Donations?start={start}&rows={pageSize}&query=&sort=AcceptedDate&order=desc&et=pp&et=ppm&et=tp&et=perpar&et=rd&date=Reported&from=2021-05-26&to=&rptPd=&prePoll=false&postPoll=true&register=gb&register=ni&register=none&isIrishSourceYes=true&isIrishSourceNo=true&includeOutsideSection75=true'
Content type 'text/csv' length 1330 bytes
==================================================
downloaded 1330 bytes

Error: object '.' not found
Execution halted
-- Attaching packages --------------------------------------- tidyverse 1.3.1 --
v ggplot2 3.3.4     v purrr   0.3.4
v tibble  3.1.2     v dplyr   1.0.7
v tidyr   1.1.3     v stringr 1.4.0
v readr   1.4.0     v forcats 0.5.1
-- Conflicts ------------------------------------------ tidyverse_conflicts() --
x dplyr::filter() masks stats::filter()
x dplyr::lag()    masks stats::lag()
trying URL 'http://search.electoralcommission.org.uk/api/csv/Donations?start={start}&rows={pageSize}&query=&sort=AcceptedDate&order=desc&et=pp&et=ppm&et=tp&et=perpar&et=rd&date=Reported&from=2021-05-26&to=&rptPd=&prePoll=false&postPoll=true&register=gb&register=ni&register=none&isIrishSourceYes=true&isIrishSourceNo=true&includeOutsideSection75=true'
Content type 'text/csv' length 1330 bytes
==================================================
downloaded 1330 bytes

Error: object '.' not found
Execution halted
-- Attaching packages --------------------------------------- tidyverse 1.3.1 --
v ggplot2 3.3.4     v purrr   0.3.4
v tibble  3.1.2     v dplyr   1.0.7
v tidyr   1.1.3     v stringr 1.4.0
v readr   1.4.0     v forcats 0.5.1
-- Conflicts ------------------------------------------ tidyverse_conflicts() --
x dplyr::filter() masks stats::filter()
x dplyr::lag()    masks stats::lag()
trying URL 'http://search.electoralcommission.org.uk/api/csv/Donations?start={start}&rows={pageSize}&query=&sort=AcceptedDate&order=desc&et=pp&et=ppm&et=tp&et=perpar&et=rd&date=Reported&from=2021-05-26&to=&rptPd=&prePoll=false&postPoll=true&register=gb&register=ni&register=none&isIrishSourceYes=true&isIrishSourceNo=true&includeOutsideSection75=true'
Content type 'text/csv' length 1330 bytes
==================================================
downloaded 1330 bytes

Error: object '.' not found
Execution halted
-- Attaching packages --------------------------------------- tidyverse 1.3.1 --
v ggplot2 3.3.4     v purrr   0.3.4
v tibble  3.1.2     v dplyr   1.0.7
v tidyr   1.1.3     v stringr 1.4.0
v readr   1.4.0     v forcats 0.5.1
-- Conflicts ------------------------------------------ tidyverse_conflicts() --
x dplyr::filter() masks stats::filter()
x dplyr::lag()    masks stats::lag()
trying URL 'http://search.electoralcommission.org.uk/api/csv/Donations?start={start}&rows={pageSize}&query=&sort=AcceptedDate&order=desc&et=pp&et=ppm&et=tp&et=perpar&et=rd&date=Reported&from=2021-05-26&to=&rptPd=&prePoll=false&postPoll=true&register=gb&register=ni&register=none&isIrishSourceYes=true&isIrishSourceNo=true&includeOutsideSection75=true'
Content type 'text/csv' length 1330 bytes
==================================================
downloaded 1330 bytes

Error: object '.' not found
Execution halted
-- Attaching packages --------------------------------------- tidyverse 1.3.1 --
v ggplot2 3.3.4     v purrr   0.3.4
v tibble  3.1.2     v dplyr   1.0.7
v tidyr   1.1.3     v stringr 1.4.0
v readr   1.4.0     v forcats 0.5.1
-- Conflicts ------------------------------------------ tidyverse_conflicts() --
x dplyr::filter() masks stats::filter()
x dplyr::lag()    masks stats::lag()
trying URL 'http://search.electoralcommission.org.uk/api/csv/Donations?start={start}&rows={pageSize}&query=&sort=AcceptedDate&order=desc&et=pp&et=ppm&et=tp&et=perpar&et=rd&date=Reported&from=2021-05-26&to=&rptPd=&prePoll=false&postPoll=true&register=gb&register=ni&register=none&isIrishSourceYes=true&isIrishSourceNo=true&includeOutsideSection75=true'
Content type 'text/csv' length 1330 bytes
==================================================
downloaded 1330 bytes

Error: object '.' not found
Execution halted
-- Attaching packages --------------------------------------- tidyverse 1.3.1 --
v ggplot2 3.3.4     v purrr   0.3.4
v tibble  3.1.2     v dplyr   1.0.7
v tidyr   1.1.3     v stringr 1.4.0
v readr   1.4.0     v forcats 0.5.1
-- Conflicts ------------------------------------------ tidyverse_conflicts() --
x dplyr::filter() masks stats::filter()
x dplyr::lag()    masks stats::lag()
trying URL 'http://search.electoralcommission.org.uk/api/csv/Donations?start={start}&rows={pageSize}&query=&sort=AcceptedDate&order=desc&et=pp&et=ppm&et=tp&et=perpar&et=rd&date=Reported&from=2021-05-26&to=&rptPd=&prePoll=false&postPoll=true&register=gb&register=ni&register=none&isIrishSourceYes=true&isIrishSourceNo=true&includeOutsideSection75=true'
Content type 'text/csv' length 1330 bytes
==================================================
downloaded 1330 bytes

Error: object '.' not found
Execution halted
-- Attaching packages --------------------------------------- tidyverse 1.3.1 --
v ggplot2 3.3.4     v purrr   0.3.4
v tibble  3.1.2     v dplyr   1.0.7
v tidyr   1.1.3     v stringr 1.4.0
v readr   1.4.0     v forcats 0.5.1
-- Conflicts ------------------------------------------ tidyverse_conflicts() --
x dplyr::filter() masks stats::filter()
x dplyr::lag()    masks stats::lag()
trying URL 'http://search.electoralcommission.org.uk/api/csv/Donations?start={start}&rows={pageSize}&query=&sort=AcceptedDate&order=desc&et=pp&et=ppm&et=tp&et=perpar&et=rd&date=Reported&from=2021-05-26&to=&rptPd=&prePoll=false&postPoll=true&register=gb&register=ni&register=none&isIrishSourceYes=true&isIrishSourceNo=true&includeOutsideSection75=true'
Content type 'text/csv' length 1330 bytes
==================================================
downloaded 1330 bytes

Error: object '.' not found
Execution halted
-- Attaching packages --------------------------------------- tidyverse 1.3.1 --
v ggplot2 3.3.4     v purrr   0.3.4
v tibble  3.1.2     v dplyr   1.0.7
v tidyr   1.1.3     v stringr 1.4.0
v readr   1.4.0     v forcats 0.5.1
-- Conflicts ------------------------------------------ tidyverse_conflicts() --
x dplyr::filter() masks stats::filter()
x dplyr::lag()    masks stats::lag()
trying URL 'http://search.electoralcommission.org.uk/api/csv/Donations?start={start}&rows={pageSize}&query=&sort=AcceptedDate&order=desc&et=pp&et=ppm&et=tp&et=perpar&et=rd&date=Reported&from=2021-05-26&to=&rptPd=&prePoll=false&postPoll=true&register=gb&register=ni&register=none&isIrishSourceYes=true&isIrishSourceNo=true&includeOutsideSection75=true'
Content type 'text/csv' length 1330 bytes
==================================================
downloaded 1330 bytes

Error: object '.' not found
Execution halted
-- Attaching packages --------------------------------------- tidyverse 1.3.1 --
v ggplot2 3.3.4     v purrr   0.3.4
v tibble  3.1.2     v dplyr   1.0.7
v tidyr   1.1.3     v stringr 1.4.0
v readr   1.4.0     v forcats 0.5.1
-- Conflicts ------------------------------------------ tidyverse_conflicts() --
x dplyr::filter() masks stats::filter()
x dplyr::lag()    masks stats::lag()
trying URL 'http://search.electoralcommission.org.uk/api/csv/Donations?start={start}&rows={pageSize}&query=&sort=AcceptedDate&order=desc&et=pp&et=ppm&et=tp&et=perpar&et=rd&date=Reported&from=2021-05-26&to=&rptPd=&prePoll=false&postPoll=true&register=gb&register=ni&register=none&isIrishSourceYes=true&isIrishSourceNo=true&includeOutsideSection75=true'
Content type 'text/csv' length 1330 bytes
==================================================
downloaded 1330 bytes

Error: object '.' not found
Execution halted
-- Attaching packages --------------------------------------- tidyverse 1.3.1 --
v ggplot2 3.3.4     v purrr   0.3.4
v tibble  3.1.2     v dplyr   1.0.7
v tidyr   1.1.3     v stringr 1.4.0
v readr   1.4.0     v forcats 0.5.1
-- Conflicts ------------------------------------------ tidyverse_conflicts() --
x dplyr::filter() masks stats::filter()
x dplyr::lag()    masks stats::lag()
trying URL 'http://search.electoralcommission.org.uk/api/csv/Donations?start={start}&rows={pageSize}&query=&sort=AcceptedDate&order=desc&et=pp&et=ppm&et=tp&et=perpar&et=rd&date=Reported&from=2021-05-26&to=&rptPd=&prePoll=false&postPoll=true&register=gb&register=ni&register=none&isIrishSourceYes=true&isIrishSourceNo=true&includeOutsideSection75=true'
Content type 'text/csv' length 1330 bytes
==================================================
downloaded 1330 bytes

Error: object '.' not found
Execution halted
-- Attaching packages --------------------------------------- tidyverse 1.3.1 --
v ggplot2 3.3.4     v purrr   0.3.4
v tibble  3.1.2     v dplyr   1.0.7
v tidyr   1.1.3     v stringr 1.4.0
v readr   1.4.0     v forcats 0.5.1
-- Conflicts ------------------------------------------ tidyverse_conflicts() --
x dplyr::filter() masks stats::filter()
x dplyr::lag()    masks stats::lag()
trying URL 'http://search.electoralcommission.org.uk/api/csv/Donations?start={start}&rows={pageSize}&query=&sort=AcceptedDate&order=desc&et=pp&et=ppm&et=tp&et=perpar&et=rd&date=Reported&from=2021-05-26&to=&rptPd=&prePoll=false&postPoll=true&register=gb&register=ni&register=none&isIrishSourceYes=true&isIrishSourceNo=true&includeOutsideSection75=true'
Content type 'text/csv' length 1330 bytes
==================================================
downloaded 1330 bytes

Error: object '.' not found
Execution halted
-- Attaching packages --------------------------------------- tidyverse 1.3.1 --
v ggplot2 3.3.4     v purrr   0.3.4
v tibble  3.1.2     v dplyr   1.0.7
v tidyr   1.1.3     v stringr 1.4.0
v readr   1.4.0     v forcats 0.5.1
-- Conflicts ------------------------------------------ tidyverse_conflicts() --
x dplyr::filter() masks stats::filter()
x dplyr::lag()    masks stats::lag()
trying URL 'http://search.electoralcommission.org.uk/api/csv/Donations?start={start}&rows={pageSize}&query=&sort=AcceptedDate&order=desc&et=pp&et=ppm&et=tp&et=perpar&et=rd&date=Reported&from=2021-05-26&to=&rptPd=&prePoll=false&postPoll=true&register=gb&register=ni&register=none&isIrishSourceYes=true&isIrishSourceNo=true&includeOutsideSection75=true'
Content type 'text/csv' length 1330 bytes
==================================================
downloaded 1330 bytes

Error: object '.' not found
Execution halted
-- Attaching packages --------------------------------------- tidyverse 1.3.1 --
v ggplot2 3.3.4     v purrr   0.3.4
v tibble  3.1.2     v dplyr   1.0.7
v tidyr   1.1.3     v stringr 1.4.0
v readr   1.4.0     v forcats 0.5.1
-- Conflicts ------------------------------------------ tidyverse_conflicts() --
x dplyr::filter() masks stats::filter()
x dplyr::lag()    masks stats::lag()
trying URL 'http://search.electoralcommission.org.uk/api/csv/Donations?start={start}&rows={pageSize}&query=&sort=AcceptedDate&order=desc&et=pp&et=ppm&et=tp&et=perpar&et=rd&date=Reported&from=2021-05-26&to=&rptPd=&prePoll=false&postPoll=true&register=gb&register=ni&register=none&isIrishSourceYes=true&isIrishSourceNo=true&includeOutsideSection75=true'
Content type 'text/csv' length 1330 bytes
==================================================
downloaded 1330 bytes

Error: object '.' not found
Execution halted
-- Attaching packages --------------------------------------- tidyverse 1.3.1 --
v ggplot2 3.3.4     v purrr   0.3.4
v tibble  3.1.2     v dplyr   1.0.7
v tidyr   1.1.3     v stringr 1.4.0
v readr   1.4.0     v forcats 0.5.1
-- Conflicts ------------------------------------------ tidyverse_conflicts() --
x dplyr::filter() masks stats::filter()
x dplyr::lag()    masks stats::lag()
trying URL 'http://search.electoralcommission.org.uk/api/csv/Donations?start={start}&rows={pageSize}&query=&sort=AcceptedDate&order=desc&et=pp&et=ppm&et=tp&et=perpar&et=rd&date=Reported&from=2021-05-26&to=&rptPd=&prePoll=false&postPoll=true&register=gb&register=ni&register=none&isIrishSourceYes=true&isIrishSourceNo=true&includeOutsideSection75=true'
Content type 'text/csv' length 1330 bytes
==================================================
downloaded 1330 bytes

Error: object '.' not found
Execution halted
-- Attaching packages --------------------------------------- tidyverse 1.3.1 --
v ggplot2 3.3.4     v purrr   0.3.4
v tibble  3.1.2     v dplyr   1.0.7
v tidyr   1.1.3     v stringr 1.4.0
v readr   1.4.0     v forcats 0.5.1
-- Conflicts ------------------------------------------ tidyverse_conflicts() --
x dplyr::filter() masks stats::filter()
x dplyr::lag()    masks stats::lag()
trying URL 'http://search.electoralcommission.org.uk/api/csv/Donations?start={start}&rows={pageSize}&query=&sort=AcceptedDate&order=desc&et=pp&et=ppm&et=tp&et=perpar&et=rd&date=Reported&from=2021-05-26&to=&rptPd=&prePoll=false&postPoll=true&register=gb&register=ni&register=none&isIrishSourceYes=true&isIrishSourceNo=true&includeOutsideSection75=true'
Content type 'text/csv' length 1330 bytes
==================================================
downloaded 1330 bytes

Error: object '.' not found
Execution halted
-- Attaching packages --------------------------------------- tidyverse 1.3.1 --
v ggplot2 3.3.4     v purrr   0.3.4
v tibble  3.1.2     v dplyr   1.0.7
v tidyr   1.1.3     v stringr 1.4.0
v readr   1.4.0     v forcats 0.5.1
-- Conflicts ------------------------------------------ tidyverse_conflicts() --
x dplyr::filter() masks stats::filter()
x dplyr::lag()    masks stats::lag()
trying URL 'http://search.electoralcommission.org.uk/api/csv/Donations?start={start}&rows={pageSize}&query=&sort=AcceptedDate&order=desc&et=pp&et=ppm&et=tp&et=perpar&et=rd&date=Reported&from=2021-05-26&to=&rptPd=&prePoll=false&postPoll=true&register=gb&register=ni&register=none&isIrishSourceYes=true&isIrishSourceNo=true&includeOutsideSection75=true'
Content type 'text/csv' length 1330 bytes
==================================================
downloaded 1330 bytes

Error: object '.' not found
Execution halted
-- Attaching packages --------------------------------------- tidyverse 1.3.1 --
v ggplot2 3.3.4     v purrr   0.3.4
v tibble  3.1.2     v dplyr   1.0.7
v tidyr   1.1.3     v stringr 1.4.0
v readr   1.4.0     v forcats 0.5.1
-- Conflicts ------------------------------------------ tidyverse_conflicts() --
x dplyr::filter() masks stats::filter()
x dplyr::lag()    masks stats::lag()
trying URL 'http://search.electoralcommission.org.uk/api/csv/Donations?start={start}&rows={pageSize}&query=&sort=AcceptedDate&order=desc&et=pp&et=ppm&et=tp&et=perpar&et=rd&date=Reported&from=2021-05-26&to=&rptPd=&prePoll=false&postPoll=true&register=gb&register=ni&register=none&isIrishSourceYes=true&isIrishSourceNo=true&includeOutsideSection75=true'
Content type 'text/csv' length 1330 bytes
==================================================
downloaded 1330 bytes

Error: object '.' not found
Execution halted
-- Attaching packages --------------------------------------- tidyverse 1.3.1 --
v ggplot2 3.3.4     v purrr   0.3.4
v tibble  3.1.2     v dplyr   1.0.7
v tidyr   1.1.3     v stringr 1.4.0
v readr   1.4.0     v forcats 0.5.1
-- Conflicts ------------------------------------------ tidyverse_conflicts() --
x dplyr::filter() masks stats::filter()
x dplyr::lag()    masks stats::lag()
trying URL 'http://search.electoralcommission.org.uk/api/csv/Donations?start={start}&rows={pageSize}&query=&sort=AcceptedDate&order=desc&et=pp&et=ppm&et=tp&et=perpar&et=rd&date=Reported&from=2021-05-26&to=&rptPd=&prePoll=false&postPoll=true&register=gb&register=ni&register=none&isIrishSourceYes=true&isIrishSourceNo=true&includeOutsideSection75=true'
Content type 'text/csv' length 1330 bytes
==================================================
downloaded 1330 bytes

Error: object '.' not found
Execution halted
-- Attaching packages --------------------------------------- tidyverse 1.3.1 --
v ggplot2 3.3.4     v purrr   0.3.4
v tibble  3.1.2     v dplyr   1.0.7
v tidyr   1.1.3     v stringr 1.4.0
v readr   1.4.0     v forcats 0.5.1
-- Conflicts ------------------------------------------ tidyverse_conflicts() --
x dplyr::filter() masks stats::filter()
x dplyr::lag()    masks stats::lag()
trying URL 'http://search.electoralcommission.org.uk/api/csv/Donations?start={start}&rows={pageSize}&query=&sort=AcceptedDate&order=desc&et=pp&et=ppm&et=tp&et=perpar&et=rd&date=Reported&from=2021-05-26&to=&rptPd=&prePoll=false&postPoll=true&register=gb&register=ni&register=none&isIrishSourceYes=true&isIrishSourceNo=true&includeOutsideSection75=true'
Content type 'text/csv' length 1330 bytes
==================================================
downloaded 1330 bytes

Error: object '.' not found
Execution halted
-- Attaching packages --------------------------------------- tidyverse 1.3.1 --
v ggplot2 3.3.4     v purrr   0.3.4
v tibble  3.1.2     v dplyr   1.0.7
v tidyr   1.1.3     v stringr 1.4.0
v readr   1.4.0     v forcats 0.5.1
-- Conflicts ------------------------------------------ tidyverse_conflicts() --
x dplyr::filter() masks stats::filter()
x dplyr::lag()    masks stats::lag()
trying URL 'http://search.electoralcommission.org.uk/api/csv/Donations?start={start}&rows={pageSize}&query=&sort=AcceptedDate&order=desc&et=pp&et=ppm&et=tp&et=perpar&et=rd&date=Reported&from=2021-05-26&to=&rptPd=&prePoll=false&postPoll=true&register=gb&register=ni&register=none&isIrishSourceYes=true&isIrishSourceNo=true&includeOutsideSection75=true'
Content type 'text/csv' length 1330 bytes
==================================================
downloaded 1330 bytes

Error: object '.' not found
Execution halted
-- Attaching packages --------------------------------------- tidyverse 1.3.1 --
v ggplot2 3.3.4     v purrr   0.3.4
v tibble  3.1.2     v dplyr   1.0.7
v tidyr   1.1.3     v stringr 1.4.0
v readr   1.4.0     v forcats 0.5.1
-- Conflicts ------------------------------------------ tidyverse_conflicts() --
x dplyr::filter() masks stats::filter()
x dplyr::lag()    masks stats::lag()
trying URL 'http://search.electoralcommission.org.uk/api/csv/Donations?start={start}&rows={pageSize}&query=&sort=AcceptedDate&order=desc&et=pp&et=ppm&et=tp&et=perpar&et=rd&date=Reported&from=2021-05-26&to=&rptPd=&prePoll=false&postPoll=true&register=gb&register=ni&register=none&isIrishSourceYes=true&isIrishSourceNo=true&includeOutsideSection75=true'
Content type 'text/csv' length 1330 bytes
==================================================
downloaded 1330 bytes

Error: object '.' not found
Execution halted
-- Attaching packages --------------------------------------- tidyverse 1.3.1 --
v ggplot2 3.3.4     v purrr   0.3.4
v tibble  3.1.2     v dplyr   1.0.7
v tidyr   1.1.3     v stringr 1.4.0
v readr   1.4.0     v forcats 0.5.1
-- Conflicts ------------------------------------------ tidyverse_conflicts() --
x dplyr::filter() masks stats::filter()
x dplyr::lag()    masks stats::lag()
trying URL 'http://search.electoralcommission.org.uk/api/csv/Donations?start={start}&rows={pageSize}&query=&sort=AcceptedDate&order=desc&et=pp&et=ppm&et=tp&et=perpar&et=rd&date=Reported&from=2021-05-26&to=&rptPd=&prePoll=false&postPoll=true&register=gb&register=ni&register=none&isIrishSourceYes=true&isIrishSourceNo=true&includeOutsideSection75=true'
Content type 'text/csv' length 1330 bytes
==================================================
downloaded 1330 bytes

Error: object '.' not found
Execution halted
-- Attaching packages --------------------------------------- tidyverse 1.3.1 --
v ggplot2 3.3.4     v purrr   0.3.4
v tibble  3.1.2     v dplyr   1.0.7
v tidyr   1.1.3     v stringr 1.4.0
v readr   1.4.0     v forcats 0.5.1
-- Conflicts ------------------------------------------ tidyverse_conflicts() --
x dplyr::filter() masks stats::filter()
x dplyr::lag()    masks stats::lag()
trying URL 'http://search.electoralcommission.org.uk/api/csv/Donations?start={start}&rows={pageSize}&query=&sort=AcceptedDate&order=desc&et=pp&et=ppm&et=tp&et=perpar&et=rd&date=Reported&from=2021-05-26&to=&rptPd=&prePoll=false&postPoll=true&register=gb&register=ni&register=none&isIrishSourceYes=true&isIrishSourceNo=true&includeOutsideSection75=true'
Content type 'text/csv' length 1330 bytes
==================================================
downloaded 1330 bytes

Error: object '.' not found
Execution halted
-- Attaching packages --------------------------------------- tidyverse 1.3.1 --
v ggplot2 3.3.4     v purrr   0.3.4
v tibble  3.1.2     v dplyr   1.0.7
v tidyr   1.1.3     v stringr 1.4.0
v readr   1.4.0     v forcats 0.5.1
-- Conflicts ------------------------------------------ tidyverse_conflicts() --
x dplyr::filter() masks stats::filter()
x dplyr::lag()    masks stats::lag()
trying URL 'http://search.electoralcommission.org.uk/api/csv/Donations?start={start}&rows={pageSize}&query=&sort=AcceptedDate&order=desc&et=pp&et=ppm&et=tp&et=perpar&et=rd&date=Reported&from=2021-05-26&to=&rptPd=&prePoll=false&postPoll=true&register=gb&register=ni&register=none&isIrishSourceYes=true&isIrishSourceNo=true&includeOutsideSection75=true'
Content type 'text/csv' length 1330 bytes
==================================================
downloaded 1330 bytes

Error: object '.' not found
Execution halted
-- Attaching packages --------------------------------------- tidyverse 1.3.1 --
v ggplot2 3.3.4     v purrr   0.3.4
v tibble  3.1.2     v dplyr   1.0.7
v tidyr   1.1.3     v stringr 1.4.0
v readr   1.4.0     v forcats 0.5.1
-- Conflicts ------------------------------------------ tidyverse_conflicts() --
x dplyr::filter() masks stats::filter()
x dplyr::lag()    masks stats::lag()
trying URL 'http://search.electoralcommission.org.uk/api/csv/Donations?start={start}&rows={pageSize}&query=&sort=AcceptedDate&order=desc&et=pp&et=ppm&et=tp&et=perpar&et=rd&date=Reported&from=2021-05-26&to=&rptPd=&prePoll=false&postPoll=true&register=gb&register=ni&register=none&isIrishSourceYes=true&isIrishSourceNo=true&includeOutsideSection75=true'
Content type 'text/csv' length 1330 bytes
==================================================
downloaded 1330 bytes

Error: object '.' not found
Execution halted
-- Attaching packages --------------------------------------- tidyverse 1.3.1 --
v ggplot2 3.3.4     v purrr   0.3.4
v tibble  3.1.2     v dplyr   1.0.7
v tidyr   1.1.3     v stringr 1.4.0
v readr   1.4.0     v forcats 0.5.1
-- Conflicts ------------------------------------------ tidyverse_conflicts() --
x dplyr::filter() masks stats::filter()
x dplyr::lag()    masks stats::lag()
trying URL 'http://search.electoralcommission.org.uk/api/csv/Donations?start={start}&rows={pageSize}&query=&sort=AcceptedDate&order=desc&et=pp&et=ppm&et=tp&et=perpar&et=rd&date=Reported&from=2021-05-26&to=&rptPd=&prePoll=false&postPoll=true&register=gb&register=ni&register=none&isIrishSourceYes=true&isIrishSourceNo=true&includeOutsideSection75=true'
Content type 'text/csv' length 1330 bytes
==================================================
downloaded 1330 bytes

Error: object '.' not found
Execution halted
-- Attaching packages --------------------------------------- tidyverse 1.3.1 --
v ggplot2 3.3.4     v purrr   0.3.4
v tibble  3.1.2     v dplyr   1.0.7
v tidyr   1.1.3     v stringr 1.4.0
v readr   1.4.0     v forcats 0.5.1
-- Conflicts ------------------------------------------ tidyverse_conflicts() --
x dplyr::filter() masks stats::filter()
x dplyr::lag()    masks stats::lag()
trying URL 'http://search.electoralcommission.org.uk/api/csv/Donations?start={start}&rows={pageSize}&query=&sort=AcceptedDate&order=desc&et=pp&et=ppm&et=tp&et=perpar&et=rd&date=Reported&from=2021-05-26&to=&rptPd=&prePoll=false&postPoll=true&register=gb&register=ni&register=none&isIrishSourceYes=true&isIrishSourceNo=true&includeOutsideSection75=true'
Content type 'text/csv' length 1330 bytes
==================================================
downloaded 1330 bytes

Error: object '.' not found
Execution halted
-- Attaching packages --------------------------------------- tidyverse 1.3.1 --
v ggplot2 3.3.4     v purrr   0.3.4
v tibble  3.1.2     v dplyr   1.0.7
v tidyr   1.1.3     v stringr 1.4.0
v readr   1.4.0     v forcats 0.5.1
-- Conflicts ------------------------------------------ tidyverse_conflicts() --
x dplyr::filter() masks stats::filter()
x dplyr::lag()    masks stats::lag()
trying URL 'http://search.electoralcommission.org.uk/api/csv/Donations?start={start}&rows={pageSize}&query=&sort=AcceptedDate&order=desc&et=pp&et=ppm&et=tp&et=perpar&et=rd&date=Reported&from=2021-05-26&to=&rptPd=&prePoll=false&postPoll=true&register=gb&register=ni&register=none&isIrishSourceYes=true&isIrishSourceNo=true&includeOutsideSection75=true'
Content type 'text/csv' length 1330 bytes
==================================================
downloaded 1330 bytes

Error: object '.' not found
Execution halted
-- Attaching packages --------------------------------------- tidyverse 1.3.1 --
v ggplot2 3.3.4     v purrr   0.3.4
v tibble  3.1.2     v dplyr   1.0.7
v tidyr   1.1.3     v stringr 1.4.0
v readr   1.4.0     v forcats 0.5.1
-- Conflicts ------------------------------------------ tidyverse_conflicts() --
x dplyr::filter() masks stats::filter()
x dplyr::lag()    masks stats::lag()
trying URL 'http://search.electoralcommission.org.uk/api/csv/Donations?start={start}&rows={pageSize}&query=&sort=AcceptedDate&order=desc&et=pp&et=ppm&et=tp&et=perpar&et=rd&date=Reported&from=2021-05-26&to=&rptPd=&prePoll=false&postPoll=true&register=gb&register=ni&register=none&isIrishSourceYes=true&isIrishSourceNo=true&includeOutsideSection75=true'
Content type 'text/csv' length 1330 bytes
==================================================
downloaded 1330 bytes

Error: object '.' not found
Execution halted
